{"/Users/gopakulkarni/Documents/React-projects/ui_hvc_app/src/App.js": {"path":"/Users/gopakulkarni/Documents/React-projects/ui_hvc_app/src/App.js","statementMap":{"0":{"start":{"line":15,"column":28},"end":{"line":15,"column":51}},"1":{"start":{"line":16,"column":2},"end":{"line":30,"column":4}}},"fnMap":{"0":{"name":"App","decl":{"start":{"line":14,"column":9},"end":{"line":14,"column":12}},"loc":{"start":{"line":14,"column":15},"end":{"line":31,"column":1}},"line":14}},"branchMap":{"0":{"loc":{"start":{"line":21,"column":42},"end":{"line":21,"column":105}},"type":"cond-expr","locations":[{"start":{"line":21,"column":60},"end":{"line":21,"column":80}},{"start":{"line":21,"column":82},"end":{"line":21,"column":105}}],"line":21},"1":{"loc":{"start":{"line":22,"column":42},"end":{"line":22,"column":103}},"type":"cond-expr","locations":[{"start":{"line":22,"column":59},"end":{"line":22,"column":78}},{"start":{"line":22,"column":80},"end":{"line":22,"column":103}}],"line":22},"2":{"loc":{"start":{"line":23,"column":43},"end":{"line":23,"column":105}},"type":"cond-expr","locations":[{"start":{"line":23,"column":60},"end":{"line":23,"column":80}},{"start":{"line":23,"column":82},"end":{"line":23,"column":105}}],"line":23},"3":{"loc":{"start":{"line":24,"column":41},"end":{"line":24,"column":103}},"type":"cond-expr","locations":[{"start":{"line":24,"column":59},"end":{"line":24,"column":77}},{"start":{"line":24,"column":80},"end":{"line":24,"column":103}}],"line":24}},"s":{"0":0,"1":0},"f":{"0":0},"b":{"0":[0,0],"1":[0,0],"2":[0,0],"3":[0,0]}}
,"/Users/gopakulkarni/Documents/React-projects/ui_hvc_app/src/index.js": {"path":"/Users/gopakulkarni/Documents/React-projects/ui_hvc_app/src/index.js","statementMap":{"0":{"start":{"line":9,"column":13},"end":{"line":9,"column":65}},"1":{"start":{"line":10,"column":0},"end":{"line":18,"column":2}},"2":{"start":{"line":23,"column":0},"end":{"line":23,"column":18}}},"fnMap":{},"branchMap":{},"s":{"0":0,"1":0,"2":0},"f":{},"b":{}}
,"/Users/gopakulkarni/Documents/React-projects/ui_hvc_app/src/components/Header/Header.js": {"path":"/Users/gopakulkarni/Documents/React-projects/ui_hvc_app/src/components/Header/Header.js","statementMap":{"0":{"start":{"line":3,"column":15},"end":{"line":9,"column":1}},"1":{"start":{"line":4,"column":4},"end":{"line":8,"column":11}}},"fnMap":{"0":{"name":"(anonymous_0)","decl":{"start":{"line":3,"column":15},"end":{"line":3,"column":16}},"loc":{"start":{"line":3,"column":30},"end":{"line":9,"column":1}},"line":3}},"branchMap":{},"s":{"0":1,"1":1},"f":{"0":1},"b":{},"_coverageSchema":"1a1c01bbd47fc00a2c39e90264f33305004495a9","hash":"fb1eb14a7bd841e69a44973bfd63de7c749d162b"}
,"/Users/gopakulkarni/Documents/React-projects/ui_hvc_app/src/components/Home/Home.jsx": {"path":"/Users/gopakulkarni/Documents/React-projects/ui_hvc_app/src/components/Home/Home.jsx","statementMap":{"0":{"start":{"line":6,"column":13},"end":{"line":17,"column":1}},"1":{"start":{"line":7,"column":4},"end":{"line":16,"column":5}}},"fnMap":{"0":{"name":"(anonymous_0)","decl":{"start":{"line":6,"column":13},"end":{"line":6,"column":14}},"loc":{"start":{"line":6,"column":24},"end":{"line":17,"column":1}},"line":6}},"branchMap":{},"s":{"0":0,"1":0},"f":{"0":0},"b":{}}
,"/Users/gopakulkarni/Documents/React-projects/ui_hvc_app/src/components/ImageCard/ImageCard.js": {"path":"/Users/gopakulkarni/Documents/React-projects/ui_hvc_app/src/components/ImageCard/ImageCard.js","statementMap":{"0":{"start":{"line":6,"column":18},"end":{"line":73,"column":1}},"1":{"start":{"line":8,"column":19},"end":{"line":8,"column":32}},"2":{"start":{"line":10,"column":51},"end":{"line":10,"column":74}},"3":{"start":{"line":11,"column":15},"end":{"line":11,"column":17}},"4":{"start":{"line":12,"column":15},"end":{"line":12,"column":17}},"5":{"start":{"line":13,"column":28},"end":{"line":16,"column":5}},"6":{"start":{"line":14,"column":8},"end":{"line":14,"column":20}},"7":{"start":{"line":15,"column":8},"end":{"line":15,"column":19}},"8":{"start":{"line":17,"column":21},"end":{"line":17,"column":26}},"9":{"start":{"line":19,"column":23},"end":{"line":40,"column":5}},"10":{"start":{"line":20,"column":8},"end":{"line":20,"column":35}},"11":{"start":{"line":22,"column":8},"end":{"line":25,"column":9}},"12":{"start":{"line":23,"column":12},"end":{"line":23,"column":34}},"13":{"start":{"line":24,"column":12},"end":{"line":24,"column":34}},"14":{"start":{"line":26,"column":8},"end":{"line":38,"column":9}},"15":{"start":{"line":27,"column":8},"end":{"line":36,"column":10}},"16":{"start":{"line":37,"column":8},"end":{"line":37,"column":29}},"17":{"start":{"line":39,"column":8},"end":{"line":39,"column":26}},"18":{"start":{"line":42,"column":4},"end":{"line":72,"column":5}},"19":{"start":{"line":54,"column":24},"end":{"line":56,"column":90}},"20":{"start":{"line":55,"column":149},"end":{"line":55,"column":189}}},"fnMap":{"0":{"name":"(anonymous_0)","decl":{"start":{"line":6,"column":18},"end":{"line":6,"column":19}},"loc":{"start":{"line":6,"column":59},"end":{"line":73,"column":1}},"line":6},"1":{"name":"(anonymous_1)","decl":{"start":{"line":13,"column":28},"end":{"line":13,"column":29}},"loc":{"start":{"line":13,"column":43},"end":{"line":16,"column":5}},"line":13},"2":{"name":"(anonymous_2)","decl":{"start":{"line":19,"column":23},"end":{"line":19,"column":24}},"loc":{"start":{"line":19,"column":29},"end":{"line":40,"column":5}},"line":19},"3":{"name":"(anonymous_3)","decl":{"start":{"line":53,"column":35},"end":{"line":53,"column":36}},"loc":{"start":{"line":53,"column":52},"end":{"line":57,"column":25}},"line":53},"4":{"name":"(anonymous_4)","decl":{"start":{"line":55,"column":143},"end":{"line":55,"column":144}},"loc":{"start":{"line":55,"column":149},"end":{"line":55,"column":189}},"line":55}},"branchMap":{"0":{"loc":{"start":{"line":22,"column":8},"end":{"line":25,"column":9}},"type":"if","locations":[{"start":{"line":22,"column":8},"end":{"line":25,"column":9}},{"start":{},"end":{}}],"line":22},"1":{"loc":{"start":{"line":26,"column":8},"end":{"line":38,"column":9}},"type":"if","locations":[{"start":{"line":26,"column":8},"end":{"line":38,"column":9}},{"start":{},"end":{}}],"line":26},"2":{"loc":{"start":{"line":52,"column":25},"end":{"line":57,"column":26}},"type":"cond-expr","locations":[{"start":{"line":52,"column":34},"end":{"line":52,"column":52}},{"start":{"line":53,"column":24},"end":{"line":57,"column":26}}],"line":52},"3":{"loc":{"start":{"line":55,"column":25},"end":{"line":55,"column":230}},"type":"binary-expr","locations":[{"start":{"line":55,"column":25},"end":{"line":55,"column":40}},{"start":{"line":55,"column":44},"end":{"line":55,"column":230}}],"line":55},"4":{"loc":{"start":{"line":55,"column":207},"end":{"line":55,"column":227}},"type":"cond-expr","locations":[{"start":{"line":55,"column":217},"end":{"line":55,"column":221}},{"start":{"line":55,"column":222},"end":{"line":55,"column":227}}],"line":55},"5":{"loc":{"start":{"line":66,"column":21},"end":{"line":68,"column":26}},"type":"binary-expr","locations":[{"start":{"line":66,"column":21},"end":{"line":66,"column":28}},{"start":{"line":66,"column":32},"end":{"line":68,"column":26}}],"line":66},"6":{"loc":{"start":{"line":67,"column":86},"end":{"line":67,"column":117}},"type":"cond-expr","locations":[{"start":{"line":67,"column":108},"end":{"line":67,"column":114}},{"start":{"line":67,"column":115},"end":{"line":67,"column":117}}],"line":67}},"s":{"0":1,"1":1,"2":1,"3":1,"4":1,"5":1,"6":0,"7":0,"8":1,"9":1,"10":0,"11":0,"12":0,"13":0,"14":0,"15":0,"16":0,"17":0,"18":1,"19":2,"20":0},"f":{"0":1,"1":0,"2":0,"3":2,"4":0},"b":{"0":[0,0],"1":[0,0],"2":[0,1],"3":[2,2],"4":[1,1],"5":[1,1],"6":[0,1]},"_coverageSchema":"1a1c01bbd47fc00a2c39e90264f33305004495a9","hash":"fb674844f1a4a99bc7be5c69646d1e0f8c9d7f84"}
,"/Users/gopakulkarni/Documents/React-projects/ui_hvc_app/src/components/NavItem/NavItem.js": {"path":"/Users/gopakulkarni/Documents/React-projects/ui_hvc_app/src/components/NavItem/NavItem.js","statementMap":{"0":{"start":{"line":4,"column":16},"end":{"line":12,"column":1}},"1":{"start":{"line":5,"column":4},"end":{"line":11,"column":7}},"2":{"start":{"line":6,"column":76},"end":{"line":6,"column":147}}},"fnMap":{"0":{"name":"(anonymous_0)","decl":{"start":{"line":4,"column":16},"end":{"line":4,"column":17}},"loc":{"start":{"line":4,"column":37},"end":{"line":12,"column":1}},"line":4},"1":{"name":"(anonymous_1)","decl":{"start":{"line":6,"column":60},"end":{"line":6,"column":61}},"loc":{"start":{"line":6,"column":76},"end":{"line":6,"column":147}},"line":6}},"branchMap":{"0":{"loc":{"start":{"line":6,"column":76},"end":{"line":6,"column":147}},"type":"cond-expr","locations":[{"start":{"line":6,"column":87},"end":{"line":6,"column":119}},{"start":{"line":6,"column":122},"end":{"line":6,"column":147}}],"line":6}},"s":{"0":1,"1":1,"2":1},"f":{"0":1,"1":1},"b":{"0":[0,1]},"_coverageSchema":"1a1c01bbd47fc00a2c39e90264f33305004495a9","hash":"90fc1d373df12c5c6ead4fabaff4b1352004a273"}
,"/Users/gopakulkarni/Documents/React-projects/ui_hvc_app/src/components/RouterOutlet/RouterOutlet.js": {"path":"/Users/gopakulkarni/Documents/React-projects/ui_hvc_app/src/components/RouterOutlet/RouterOutlet.js","statementMap":{"0":{"start":{"line":4,"column":21},"end":{"line":10,"column":1}},"1":{"start":{"line":5,"column":4},"end":{"line":9,"column":7}}},"fnMap":{"0":{"name":"(anonymous_0)","decl":{"start":{"line":4,"column":21},"end":{"line":4,"column":22}},"loc":{"start":{"line":4,"column":32},"end":{"line":10,"column":1}},"line":4}},"branchMap":{},"s":{"0":1,"1":1},"f":{"0":1},"b":{},"_coverageSchema":"1a1c01bbd47fc00a2c39e90264f33305004495a9","hash":"d8dae901be441a4190a6c8f2d921983c83e48539"}
,"/Users/gopakulkarni/Documents/React-projects/ui_hvc_app/src/components/SuccessModel/SuccessModel.js": {"path":"/Users/gopakulkarni/Documents/React-projects/ui_hvc_app/src/components/SuccessModel/SuccessModel.js","statementMap":{"0":{"start":{"line":3,"column":21},"end":{"line":18,"column":1}},"1":{"start":{"line":4,"column":4},"end":{"line":17,"column":5}},"2":{"start":{"line":9,"column":92},"end":{"line":9,"column":116}}},"fnMap":{"0":{"name":"(anonymous_0)","decl":{"start":{"line":3,"column":21},"end":{"line":3,"column":22}},"loc":{"start":{"line":3,"column":32},"end":{"line":18,"column":1}},"line":3},"1":{"name":"(anonymous_1)","decl":{"start":{"line":9,"column":85},"end":{"line":9,"column":86}},"loc":{"start":{"line":9,"column":91},"end":{"line":9,"column":117}},"line":9}},"branchMap":{},"s":{"0":1,"1":2,"2":1},"f":{"0":2,"1":1},"b":{},"_coverageSchema":"1a1c01bbd47fc00a2c39e90264f33305004495a9","hash":"1f0c980b20e5ec321fd8534a1d3ce5c276708ca8"}
,"/Users/gopakulkarni/Documents/React-projects/ui_hvc_app/src/containers/CostContainer/CostContainer.js": {"path":"/Users/gopakulkarni/Documents/React-projects/ui_hvc_app/src/containers/CostContainer/CostContainer.js","statementMap":{"0":{"start":{"line":7,"column":22},"end":{"line":26,"column":1}},"1":{"start":{"line":8,"column":35},"end":{"line":8,"column":58}},"2":{"start":{"line":10,"column":4},"end":{"line":25,"column":7}},"3":{"start":{"line":15,"column":20},"end":{"line":17,"column":26}}},"fnMap":{"0":{"name":"(anonymous_0)","decl":{"start":{"line":7,"column":22},"end":{"line":7,"column":23}},"loc":{"start":{"line":7,"column":33},"end":{"line":26,"column":1}},"line":7},"1":{"name":"(anonymous_1)","decl":{"start":{"line":14,"column":29},"end":{"line":14,"column":30}},"loc":{"start":{"line":15,"column":20},"end":{"line":17,"column":26}},"line":15}},"branchMap":{"0":{"loc":{"start":{"line":13,"column":13},"end":{"line":18,"column":17}},"type":"binary-expr","locations":[{"start":{"line":13,"column":13},"end":{"line":13,"column":30}},{"start":{"line":14,"column":16},"end":{"line":18,"column":17}}],"line":13},"1":{"loc":{"start":{"line":21,"column":27},"end":{"line":21,"column":70}},"type":"cond-expr","locations":[{"start":{"line":21,"column":38},"end":{"line":21,"column":58}},{"start":{"line":21,"column":61},"end":{"line":21,"column":70}}],"line":21}},"s":{"0":0,"1":0,"2":0,"3":0},"f":{"0":0,"1":0},"b":{"0":[0,0],"1":[0,0]}}
,"/Users/gopakulkarni/Documents/React-projects/ui_hvc_app/src/containers/Dropdown/Dropdown.js": {"path":"/Users/gopakulkarni/Documents/React-projects/ui_hvc_app/src/containers/Dropdown/Dropdown.js","statementMap":{"0":{"start":{"line":5,"column":17},"end":{"line":45,"column":1}},"1":{"start":{"line":6,"column":47},"end":{"line":6,"column":62}},"2":{"start":{"line":7,"column":30},"end":{"line":7,"column":53}},"3":{"start":{"line":8,"column":41},"end":{"line":8,"column":53}},"4":{"start":{"line":10,"column":4},"end":{"line":12,"column":16}},"5":{"start":{"line":11,"column":8},"end":{"line":11,"column":26}},"6":{"start":{"line":14,"column":25},"end":{"line":16,"column":5}},"7":{"start":{"line":15,"column":8},"end":{"line":15,"column":42}},"8":{"start":{"line":18,"column":25},"end":{"line":25,"column":5}},"9":{"start":{"line":19,"column":8},"end":{"line":19,"column":30}},"10":{"start":{"line":20,"column":8},"end":{"line":22,"column":9}},"11":{"start":{"line":21,"column":12},"end":{"line":21,"column":35}},"12":{"start":{"line":23,"column":8},"end":{"line":23,"column":24}},"13":{"start":{"line":24,"column":8},"end":{"line":24,"column":23}},"14":{"start":{"line":27,"column":4},"end":{"line":44,"column":7}},"15":{"start":{"line":38,"column":24},"end":{"line":38,"column":156}},"16":{"start":{"line":38,"column":98},"end":{"line":38,"column":118}}},"fnMap":{"0":{"name":"(anonymous_0)","decl":{"start":{"line":5,"column":17},"end":{"line":5,"column":18}},"loc":{"start":{"line":5,"column":93},"end":{"line":45,"column":1}},"line":5},"1":{"name":"(anonymous_1)","decl":{"start":{"line":10,"column":14},"end":{"line":10,"column":15}},"loc":{"start":{"line":10,"column":20},"end":{"line":12,"column":5}},"line":10},"2":{"name":"(anonymous_2)","decl":{"start":{"line":14,"column":25},"end":{"line":14,"column":26}},"loc":{"start":{"line":14,"column":31},"end":{"line":16,"column":5}},"line":14},"3":{"name":"(anonymous_3)","decl":{"start":{"line":18,"column":25},"end":{"line":18,"column":26}},"loc":{"start":{"line":18,"column":37},"end":{"line":25,"column":5}},"line":18},"4":{"name":"(anonymous_4)","decl":{"start":{"line":36,"column":40},"end":{"line":36,"column":41}},"loc":{"start":{"line":38,"column":24},"end":{"line":38,"column":156}},"line":38},"5":{"name":"(anonymous_5)","decl":{"start":{"line":38,"column":92},"end":{"line":38,"column":93}},"loc":{"start":{"line":38,"column":98},"end":{"line":38,"column":118}},"line":38}},"branchMap":{"0":{"loc":{"start":{"line":20,"column":8},"end":{"line":22,"column":9}},"type":"if","locations":[{"start":{"line":20,"column":8},"end":{"line":22,"column":9}},{"start":{},"end":{}}],"line":20},"1":{"loc":{"start":{"line":28,"column":48},"end":{"line":28,"column":96}},"type":"binary-expr","locations":[{"start":{"line":28,"column":49},"end":{"line":28,"column":54}},{"start":{"line":28,"column":58},"end":{"line":28,"column":64}},{"start":{"line":28,"column":69},"end":{"line":28,"column":96}}],"line":28},"2":{"loc":{"start":{"line":30,"column":117},"end":{"line":30,"column":165}},"type":"cond-expr","locations":[{"start":{"line":30,"column":140},"end":{"line":30,"column":151}},{"start":{"line":30,"column":154},"end":{"line":30,"column":165}}],"line":30},"3":{"loc":{"start":{"line":31,"column":53},"end":{"line":31,"column":87}},"type":"binary-expr","locations":[{"start":{"line":31,"column":54},"end":{"line":31,"column":65}},{"start":{"line":31,"column":70},"end":{"line":31,"column":87}}],"line":31},"4":{"loc":{"start":{"line":35,"column":13},"end":{"line":41,"column":18}},"type":"binary-expr","locations":[{"start":{"line":35,"column":13},"end":{"line":35,"column":27}},{"start":{"line":35,"column":31},"end":{"line":41,"column":18}}],"line":35},"5":{"loc":{"start":{"line":35,"column":69},"end":{"line":35,"column":93}},"type":"binary-expr","locations":[{"start":{"line":35,"column":70},"end":{"line":35,"column":75}},{"start":{"line":35,"column":80},"end":{"line":35,"column":93}}],"line":35},"6":{"loc":{"start":{"line":36,"column":17},"end":{"line":39,"column":21}},"type":"binary-expr","locations":[{"start":{"line":36,"column":17},"end":{"line":36,"column":24}},{"start":{"line":36,"column":28},"end":{"line":39,"column":21}}],"line":36}},"s":{"0":2,"1":3,"2":3,"3":3,"4":3,"5":1,"6":3,"7":1,"8":3,"9":0,"10":0,"11":0,"12":0,"13":0,"14":3,"15":2,"16":0},"f":{"0":3,"1":1,"2":1,"3":0,"4":2,"5":0},"b":{"0":[0,0],"1":[3,0,0],"2":[0,3],"3":[3,0],"4":[3,2],"5":[2,0],"6":[2,2]},"_coverageSchema":"1a1c01bbd47fc00a2c39e90264f33305004495a9","hash":"7600e47278b9498bd4e5811efadb7f772a2e6565"}
,"/Users/gopakulkarni/Documents/React-projects/ui_hvc_app/src/containers/ImageContainer/ImageConatiner.js": {"path":"/Users/gopakulkarni/Documents/React-projects/ui_hvc_app/src/containers/ImageContainer/ImageConatiner.js","statementMap":{"0":{"start":{"line":6,"column":23},"end":{"line":17,"column":1}},"1":{"start":{"line":7,"column":21},"end":{"line":7,"column":44}},"2":{"start":{"line":8,"column":4},"end":{"line":16,"column":5}},"3":{"start":{"line":12,"column":20},"end":{"line":12,"column":115}}},"fnMap":{"0":{"name":"(anonymous_0)","decl":{"start":{"line":6,"column":23},"end":{"line":6,"column":24}},"loc":{"start":{"line":6,"column":34},"end":{"line":17,"column":1}},"line":6},"1":{"name":"(anonymous_1)","decl":{"start":{"line":11,"column":28},"end":{"line":11,"column":29}},"loc":{"start":{"line":12,"column":20},"end":{"line":12,"column":115}},"line":12}},"branchMap":{},"s":{"0":0,"1":0,"2":0,"3":0},"f":{"0":0,"1":0},"b":{}}
,"/Users/gopakulkarni/Documents/React-projects/ui_hvc_app/src/containers/InstanceContainer/InstanceContainer.js": {"path":"/Users/gopakulkarni/Documents/React-projects/ui_hvc_app/src/containers/InstanceContainer/InstanceContainer.js","statementMap":{"0":{"start":{"line":10,"column":26},"end":{"line":149,"column":1}},"1":{"start":{"line":11,"column":36},"end":{"line":11,"column":47}},"2":{"start":{"line":13,"column":37},"end":{"line":13,"column":49}},"3":{"start":{"line":14,"column":37},"end":{"line":14,"column":49}},"4":{"start":{"line":16,"column":57},"end":{"line":16,"column":84}},"5":{"start":{"line":17,"column":57},"end":{"line":17,"column":84}},"6":{"start":{"line":19,"column":45},"end":{"line":19,"column":80}},"7":{"start":{"line":21,"column":29},"end":{"line":21,"column":41}},"8":{"start":{"line":23,"column":33},"end":{"line":23,"column":45}},"9":{"start":{"line":24,"column":33},"end":{"line":24,"column":45}},"10":{"start":{"line":26,"column":21},"end":{"line":26,"column":34}},"11":{"start":{"line":28,"column":26},"end":{"line":30,"column":5}},"12":{"start":{"line":29,"column":8},"end":{"line":29,"column":23}},"13":{"start":{"line":32,"column":29},"end":{"line":32,"column":52}},"14":{"start":{"line":34,"column":25},"end":{"line":57,"column":5}},"15":{"start":{"line":35,"column":8},"end":{"line":35,"column":22}},"16":{"start":{"line":36,"column":23},"end":{"line":36,"column":25}},"17":{"start":{"line":37,"column":8},"end":{"line":41,"column":9}},"18":{"start":{"line":38,"column":12},"end":{"line":38,"column":104}},"19":{"start":{"line":38,"column":76},"end":{"line":38,"column":93}},"20":{"start":{"line":39,"column":12},"end":{"line":39,"column":76}},"21":{"start":{"line":40,"column":12},"end":{"line":40,"column":33}},"22":{"start":{"line":42,"column":8},"end":{"line":55,"column":9}},"23":{"start":{"line":43,"column":12},"end":{"line":43,"column":104}},"24":{"start":{"line":43,"column":76},"end":{"line":43,"column":93}},"25":{"start":{"line":44,"column":12},"end":{"line":44,"column":74}},"26":{"start":{"line":45,"column":12},"end":{"line":53,"column":13}},"27":{"start":{"line":46,"column":16},"end":{"line":46,"column":80}},"28":{"start":{"line":48,"column":17},"end":{"line":53,"column":13}},"29":{"start":{"line":49,"column":16},"end":{"line":49,"column":80}},"30":{"start":{"line":52,"column":16},"end":{"line":52,"column":80}},"31":{"start":{"line":54,"column":12},"end":{"line":54,"column":33}},"32":{"start":{"line":59,"column":26},"end":{"line":94,"column":5}},"33":{"start":{"line":60,"column":8},"end":{"line":60,"column":36}},"34":{"start":{"line":61,"column":8},"end":{"line":91,"column":9}},"35":{"start":{"line":62,"column":12},"end":{"line":73,"column":13}},"36":{"start":{"line":63,"column":16},"end":{"line":72,"column":18}},"37":{"start":{"line":74,"column":12},"end":{"line":74,"column":56}},"38":{"start":{"line":75,"column":16},"end":{"line":85,"column":19}},"39":{"start":{"line":76,"column":16},"end":{"line":85,"column":18}},"40":{"start":{"line":86,"column":16},"end":{"line":86,"column":36}},"41":{"start":{"line":90,"column":12},"end":{"line":90,"column":92}},"42":{"start":{"line":92,"column":8},"end":{"line":92,"column":40}},"43":{"start":{"line":93,"column":8},"end":{"line":93,"column":40}},"44":{"start":{"line":97,"column":4},"end":{"line":104,"column":9}},"45":{"start":{"line":98,"column":8},"end":{"line":103,"column":10}},"46":{"start":{"line":99,"column":12},"end":{"line":102,"column":13}},"47":{"start":{"line":100,"column":16},"end":{"line":100,"column":36}},"48":{"start":{"line":101,"column":16},"end":{"line":101,"column":39}},"49":{"start":{"line":106,"column":4},"end":{"line":113,"column":17}},"50":{"start":{"line":107,"column":8},"end":{"line":112,"column":10}},"51":{"start":{"line":108,"column":12},"end":{"line":111,"column":13}},"52":{"start":{"line":109,"column":16},"end":{"line":109,"column":36}},"53":{"start":{"line":110,"column":16},"end":{"line":110,"column":39}},"54":{"start":{"line":115,"column":4},"end":{"line":148,"column":5}},"55":{"start":{"line":121,"column":24},"end":{"line":121,"column":136}},"56":{"start":{"line":142,"column":75},"end":{"line":142,"column":93}}},"fnMap":{"0":{"name":"(anonymous_0)","decl":{"start":{"line":10,"column":26},"end":{"line":10,"column":27}},"loc":{"start":{"line":10,"column":37},"end":{"line":149,"column":1}},"line":10},"1":{"name":"(anonymous_1)","decl":{"start":{"line":28,"column":26},"end":{"line":28,"column":27}},"loc":{"start":{"line":28,"column":34},"end":{"line":30,"column":5}},"line":28},"2":{"name":"(anonymous_2)","decl":{"start":{"line":34,"column":25},"end":{"line":34,"column":26}},"loc":{"start":{"line":34,"column":34},"end":{"line":57,"column":5}},"line":34},"3":{"name":"(anonymous_3)","decl":{"start":{"line":38,"column":70},"end":{"line":38,"column":71}},"loc":{"start":{"line":38,"column":76},"end":{"line":38,"column":93}},"line":38},"4":{"name":"(anonymous_4)","decl":{"start":{"line":43,"column":70},"end":{"line":43,"column":71}},"loc":{"start":{"line":43,"column":76},"end":{"line":43,"column":93}},"line":43},"5":{"name":"(anonymous_5)","decl":{"start":{"line":59,"column":26},"end":{"line":59,"column":27}},"loc":{"start":{"line":59,"column":32},"end":{"line":94,"column":5}},"line":59},"6":{"name":"(anonymous_6)","decl":{"start":{"line":97,"column":14},"end":{"line":97,"column":15}},"loc":{"start":{"line":97,"column":20},"end":{"line":104,"column":5}},"line":97},"7":{"name":"(anonymous_7)","decl":{"start":{"line":98,"column":29},"end":{"line":98,"column":30}},"loc":{"start":{"line":98,"column":37},"end":{"line":103,"column":9}},"line":98},"8":{"name":"(anonymous_8)","decl":{"start":{"line":106,"column":14},"end":{"line":106,"column":15}},"loc":{"start":{"line":106,"column":20},"end":{"line":113,"column":5}},"line":106},"9":{"name":"(anonymous_9)","decl":{"start":{"line":107,"column":29},"end":{"line":107,"column":30}},"loc":{"start":{"line":107,"column":37},"end":{"line":112,"column":9}},"line":107},"10":{"name":"(anonymous_10)","decl":{"start":{"line":120,"column":37},"end":{"line":120,"column":38}},"loc":{"start":{"line":121,"column":24},"end":{"line":121,"column":136}},"line":121},"11":{"name":"(anonymous_11)","decl":{"start":{"line":142,"column":68},"end":{"line":142,"column":69}},"loc":{"start":{"line":142,"column":74},"end":{"line":142,"column":94}},"line":142}},"branchMap":{"0":{"loc":{"start":{"line":37,"column":8},"end":{"line":41,"column":9}},"type":"if","locations":[{"start":{"line":37,"column":8},"end":{"line":41,"column":9}},{"start":{},"end":{}}],"line":37},"1":{"loc":{"start":{"line":42,"column":8},"end":{"line":55,"column":9}},"type":"if","locations":[{"start":{"line":42,"column":8},"end":{"line":55,"column":9}},{"start":{},"end":{}}],"line":42},"2":{"loc":{"start":{"line":42,"column":11},"end":{"line":42,"column":51}},"type":"binary-expr","locations":[{"start":{"line":42,"column":11},"end":{"line":42,"column":29}},{"start":{"line":42,"column":33},"end":{"line":42,"column":51}}],"line":42},"3":{"loc":{"start":{"line":45,"column":12},"end":{"line":53,"column":13}},"type":"if","locations":[{"start":{"line":45,"column":12},"end":{"line":53,"column":13}},{"start":{"line":48,"column":17},"end":{"line":53,"column":13}}],"line":45},"4":{"loc":{"start":{"line":48,"column":17},"end":{"line":53,"column":13}},"type":"if","locations":[{"start":{"line":48,"column":17},"end":{"line":53,"column":13}},{"start":{"line":51,"column":16},"end":{"line":53,"column":13}}],"line":48},"5":{"loc":{"start":{"line":61,"column":8},"end":{"line":91,"column":9}},"type":"if","locations":[{"start":{"line":61,"column":8},"end":{"line":91,"column":9}},{"start":{"line":88,"column":12},"end":{"line":91,"column":9}}],"line":61},"6":{"loc":{"start":{"line":62,"column":12},"end":{"line":73,"column":13}},"type":"if","locations":[{"start":{"line":62,"column":12},"end":{"line":73,"column":13}},{"start":{},"end":{}}],"line":62},"7":{"loc":{"start":{"line":75,"column":16},"end":{"line":85,"column":19}},"type":"if","locations":[{"start":{"line":75,"column":16},"end":{"line":85,"column":19}},{"start":{},"end":{}}],"line":75},"8":{"loc":{"start":{"line":99,"column":12},"end":{"line":102,"column":13}},"type":"if","locations":[{"start":{"line":99,"column":12},"end":{"line":102,"column":13}},{"start":{},"end":{}}],"line":99},"9":{"loc":{"start":{"line":108,"column":12},"end":{"line":111,"column":13}},"type":"if","locations":[{"start":{"line":108,"column":12},"end":{"line":111,"column":13}},{"start":{},"end":{}}],"line":108},"10":{"loc":{"start":{"line":130,"column":21},"end":{"line":130,"column":106}},"type":"binary-expr","locations":[{"start":{"line":130,"column":21},"end":{"line":130,"column":43}},{"start":{"line":130,"column":47},"end":{"line":130,"column":106}}],"line":130}},"s":{"0":1,"1":0,"2":0,"3":0,"4":0,"5":0,"6":0,"7":0,"8":0,"9":0,"10":0,"11":0,"12":0,"13":0,"14":0,"15":0,"16":0,"17":0,"18":0,"19":0,"20":0,"21":0,"22":0,"23":0,"24":0,"25":0,"26":0,"27":0,"28":0,"29":0,"30":0,"31":0,"32":0,"33":0,"34":0,"35":0,"36":0,"37":0,"38":0,"39":0,"40":0,"41":0,"42":0,"43":0,"44":0,"45":0,"46":0,"47":0,"48":0,"49":0,"50":0,"51":0,"52":0,"53":0,"54":0,"55":0,"56":0},"f":{"0":0,"1":0,"2":0,"3":0,"4":0,"5":0,"6":0,"7":0,"8":0,"9":0,"10":0,"11":0},"b":{"0":[0,0],"1":[0,0],"2":[0,0],"3":[0,0],"4":[0,0],"5":[0,0],"6":[0,0],"7":[0,0],"8":[0,0],"9":[0,0],"10":[0,0]},"_coverageSchema":"1a1c01bbd47fc00a2c39e90264f33305004495a9","hash":"977ba9b0d4e1d74d641d005fecfd5b08d01a0c20"}
,"/Users/gopakulkarni/Documents/React-projects/ui_hvc_app/src/containers/InstanceType/InstanceType.js": {"path":"/Users/gopakulkarni/Documents/React-projects/ui_hvc_app/src/containers/InstanceType/InstanceType.js","statementMap":{"0":{"start":{"line":5,"column":21},"end":{"line":15,"column":1}},"1":{"start":{"line":8,"column":4},"end":{"line":14,"column":5}},"2":{"start":{"line":10,"column":157},"end":{"line":10,"column":171}}},"fnMap":{"0":{"name":"(anonymous_0)","decl":{"start":{"line":5,"column":21},"end":{"line":5,"column":22}},"loc":{"start":{"line":5,"column":57},"end":{"line":15,"column":1}},"line":5},"1":{"name":"(anonymous_1)","decl":{"start":{"line":10,"column":151},"end":{"line":10,"column":152}},"loc":{"start":{"line":10,"column":157},"end":{"line":10,"column":171}},"line":10}},"branchMap":{"0":{"loc":{"start":{"line":10,"column":55},"end":{"line":10,"column":140}},"type":"cond-expr","locations":[{"start":{"line":10,"column":73},"end":{"line":10,"column":103}},{"start":{"line":10,"column":106},"end":{"line":10,"column":140}}],"line":10}},"s":{"0":2,"1":2,"2":1},"f":{"0":2,"1":1},"b":{"0":[2,0]},"_coverageSchema":"1a1c01bbd47fc00a2c39e90264f33305004495a9","hash":"1b22882d29f2149cb1951f940d27a4fc352587eb"}
,"/Users/gopakulkarni/Documents/React-projects/ui_hvc_app/src/containers/NavContainer/NavContainer.js": {"path":"/Users/gopakulkarni/Documents/React-projects/ui_hvc_app/src/containers/NavContainer/NavContainer.js","statementMap":{"0":{"start":{"line":9,"column":16},"end":{"line":31,"column":1}},"1":{"start":{"line":33,"column":21},"end":{"line":71,"column":1}},"2":{"start":{"line":35,"column":21},"end":{"line":35,"column":68}},"3":{"start":{"line":36,"column":38},"end":{"line":36,"column":62}},"4":{"start":{"line":37,"column":24},"end":{"line":37,"column":37}},"5":{"start":{"line":39,"column":4},"end":{"line":46,"column":20}},"6":{"start":{"line":40,"column":8},"end":{"line":45,"column":10}},"7":{"start":{"line":41,"column":12},"end":{"line":44,"column":13}},"8":{"start":{"line":43,"column":16},"end":{"line":43,"column":60}},"9":{"start":{"line":43,"column":37},"end":{"line":43,"column":59}},"10":{"start":{"line":48,"column":25},"end":{"line":50,"column":5}},"11":{"start":{"line":54,"column":4},"end":{"line":70,"column":11}},"12":{"start":{"line":62,"column":28},"end":{"line":62,"column":88}}},"fnMap":{"0":{"name":"(anonymous_0)","decl":{"start":{"line":33,"column":21},"end":{"line":33,"column":22}},"loc":{"start":{"line":33,"column":32},"end":{"line":71,"column":1}},"line":33},"1":{"name":"(anonymous_1)","decl":{"start":{"line":39,"column":14},"end":{"line":39,"column":15}},"loc":{"start":{"line":39,"column":20},"end":{"line":46,"column":5}},"line":39},"2":{"name":"(anonymous_2)","decl":{"start":{"line":40,"column":24},"end":{"line":40,"column":25}},"loc":{"start":{"line":40,"column":37},"end":{"line":45,"column":9}},"line":40},"3":{"name":"(anonymous_3)","decl":{"start":{"line":43,"column":29},"end":{"line":43,"column":30}},"loc":{"start":{"line":43,"column":37},"end":{"line":43,"column":59}},"line":43},"4":{"name":"(anonymous_4)","decl":{"start":{"line":48,"column":25},"end":{"line":48,"column":26}},"loc":{"start":{"line":48,"column":34},"end":{"line":50,"column":5}},"line":48},"5":{"name":"(anonymous_5)","decl":{"start":{"line":61,"column":37},"end":{"line":61,"column":38}},"loc":{"start":{"line":62,"column":28},"end":{"line":62,"column":88}},"line":62}},"branchMap":{"0":{"loc":{"start":{"line":41,"column":12},"end":{"line":44,"column":13}},"type":"if","locations":[{"start":{"line":41,"column":12},"end":{"line":44,"column":13}},{"start":{},"end":{}}],"line":41}},"s":{"0":0,"1":0,"2":0,"3":0,"4":0,"5":0,"6":0,"7":0,"8":0,"9":0,"10":0,"11":0,"12":0},"f":{"0":0,"1":0,"2":0,"3":0,"4":0,"5":0},"b":{"0":[0,0]}}
,"/Users/gopakulkarni/Documents/React-projects/ui_hvc_app/src/containers/ReviewContainer/ReviewContainer.js": {"path":"/Users/gopakulkarni/Documents/React-projects/ui_hvc_app/src/containers/ReviewContainer/ReviewContainer.js","statementMap":{"0":{"start":{"line":11,"column":24},"end":{"line":128,"column":1}},"1":{"start":{"line":12,"column":23},"end":{"line":12,"column":46}},"2":{"start":{"line":13,"column":33},"end":{"line":13,"column":45}},"3":{"start":{"line":14,"column":35},"end":{"line":14,"column":47}},"4":{"start":{"line":15,"column":33},"end":{"line":15,"column":48}},"5":{"start":{"line":16,"column":21},"end":{"line":16,"column":34}},"6":{"start":{"line":19,"column":4},"end":{"line":33,"column":9}},"7":{"start":{"line":20,"column":27},"end":{"line":20,"column":29}},"8":{"start":{"line":21,"column":28},"end":{"line":21,"column":30}},"9":{"start":{"line":22,"column":8},"end":{"line":31,"column":10}},"10":{"start":{"line":23,"column":12},"end":{"line":26,"column":13}},"11":{"start":{"line":24,"column":16},"end":{"line":24,"column":44}},"12":{"start":{"line":25,"column":16},"end":{"line":25,"column":40}},"13":{"start":{"line":27,"column":12},"end":{"line":30,"column":13}},"14":{"start":{"line":28,"column":16},"end":{"line":28,"column":45}},"15":{"start":{"line":29,"column":16},"end":{"line":29,"column":42}},"16":{"start":{"line":35,"column":25},"end":{"line":51,"column":5}},"17":{"start":{"line":36,"column":25},"end":{"line":36,"column":40}},"18":{"start":{"line":37,"column":21},"end":{"line":37,"column":54}},"19":{"start":{"line":38,"column":21},"end":{"line":38,"column":67}},"20":{"start":{"line":39,"column":21},"end":{"line":39,"column":46}},"21":{"start":{"line":42,"column":21},"end":{"line":42,"column":48}},"22":{"start":{"line":43,"column":8},"end":{"line":43,"column":25}},"23":{"start":{"line":44,"column":8},"end":{"line":44,"column":43}},"24":{"start":{"line":45,"column":8},"end":{"line":45,"column":40}},"25":{"start":{"line":46,"column":8},"end":{"line":46,"column":21}},"26":{"start":{"line":49,"column":8},"end":{"line":49,"column":40}},"27":{"start":{"line":50,"column":8},"end":{"line":50,"column":34}},"28":{"start":{"line":53,"column":27},"end":{"line":55,"column":5}},"29":{"start":{"line":54,"column":8},"end":{"line":54,"column":25}},"30":{"start":{"line":57,"column":4},"end":{"line":127,"column":5}},"31":{"start":{"line":86,"column":24},"end":{"line":93,"column":25}},"32":{"start":{"line":87,"column":28},"end":{"line":92,"column":29}},"33":{"start":{"line":102,"column":32},"end":{"line":102,"column":116}},"34":{"start":{"line":113,"column":28},"end":{"line":113,"column":104}},"35":{"start":{"line":121,"column":75},"end":{"line":121,"column":96}}},"fnMap":{"0":{"name":"(anonymous_0)","decl":{"start":{"line":11,"column":24},"end":{"line":11,"column":25}},"loc":{"start":{"line":11,"column":35},"end":{"line":128,"column":1}},"line":11},"1":{"name":"(anonymous_1)","decl":{"start":{"line":19,"column":14},"end":{"line":19,"column":15}},"loc":{"start":{"line":19,"column":20},"end":{"line":33,"column":5}},"line":19},"2":{"name":"(anonymous_2)","decl":{"start":{"line":22,"column":25},"end":{"line":22,"column":26}},"loc":{"start":{"line":22,"column":35},"end":{"line":31,"column":9}},"line":22},"3":{"name":"(anonymous_3)","decl":{"start":{"line":35,"column":25},"end":{"line":35,"column":26}},"loc":{"start":{"line":35,"column":31},"end":{"line":51,"column":5}},"line":35},"4":{"name":"(anonymous_4)","decl":{"start":{"line":53,"column":27},"end":{"line":53,"column":28}},"loc":{"start":{"line":53,"column":33},"end":{"line":55,"column":5}},"line":53},"5":{"name":"(anonymous_5)","decl":{"start":{"line":85,"column":34},"end":{"line":85,"column":35}},"loc":{"start":{"line":85,"column":51},"end":{"line":94,"column":21}},"line":85},"6":{"name":"(anonymous_6)","decl":{"start":{"line":101,"column":40},"end":{"line":101,"column":41}},"loc":{"start":{"line":102,"column":32},"end":{"line":102,"column":116}},"line":102},"7":{"name":"(anonymous_7)","decl":{"start":{"line":112,"column":41},"end":{"line":112,"column":42}},"loc":{"start":{"line":113,"column":28},"end":{"line":113,"column":104}},"line":113},"8":{"name":"(anonymous_8)","decl":{"start":{"line":121,"column":68},"end":{"line":121,"column":69}},"loc":{"start":{"line":121,"column":74},"end":{"line":121,"column":97}},"line":121}},"branchMap":{"0":{"loc":{"start":{"line":23,"column":12},"end":{"line":26,"column":13}},"type":"if","locations":[{"start":{"line":23,"column":12},"end":{"line":26,"column":13}},{"start":{},"end":{}}],"line":23},"1":{"loc":{"start":{"line":27,"column":12},"end":{"line":30,"column":13}},"type":"if","locations":[{"start":{"line":27,"column":12},"end":{"line":30,"column":13}},{"start":{},"end":{}}],"line":27},"2":{"loc":{"start":{"line":61,"column":13},"end":{"line":61,"column":39}},"type":"binary-expr","locations":[{"start":{"line":61,"column":13},"end":{"line":61,"column":20}},{"start":{"line":61,"column":24},"end":{"line":61,"column":39}}],"line":61},"3":{"loc":{"start":{"line":62,"column":13},"end":{"line":125,"column":18}},"type":"binary-expr","locations":[{"start":{"line":62,"column":13},"end":{"line":62,"column":21}},{"start":{"line":62,"column":25},"end":{"line":125,"column":18}}],"line":62},"4":{"loc":{"start":{"line":62,"column":85},"end":{"line":62,"column":108}},"type":"cond-expr","locations":[{"start":{"line":62,"column":95},"end":{"line":62,"column":101}},{"start":{"line":62,"column":102},"end":{"line":62,"column":108}}],"line":62},"5":{"loc":{"start":{"line":62,"column":118},"end":{"line":62,"column":133}},"type":"cond-expr","locations":[{"start":{"line":62,"column":128},"end":{"line":62,"column":131}},{"start":{"line":62,"column":132},"end":{"line":62,"column":133}}],"line":62},"6":{"loc":{"start":{"line":74,"column":21},"end":{"line":80,"column":26}},"type":"cond-expr","locations":[{"start":{"line":74,"column":35},"end":{"line":74,"column":53}},{"start":{"line":74,"column":56},"end":{"line":80,"column":26}}],"line":74},"7":{"loc":{"start":{"line":86,"column":24},"end":{"line":93,"column":25}},"type":"if","locations":[{"start":{"line":86,"column":24},"end":{"line":93,"column":25}},{"start":{},"end":{}}],"line":86},"8":{"loc":{"start":{"line":99,"column":21},"end":{"line":105,"column":26}},"type":"cond-expr","locations":[{"start":{"line":99,"column":32},"end":{"line":99,"column":50}},{"start":{"line":99,"column":53},"end":{"line":105,"column":26}}],"line":99},"9":{"loc":{"start":{"line":110,"column":21},"end":{"line":116,"column":26}},"type":"cond-expr","locations":[{"start":{"line":110,"column":33},"end":{"line":110,"column":51}},{"start":{"line":110,"column":53},"end":{"line":116,"column":26}}],"line":110}},"s":{"0":0,"1":0,"2":0,"3":0,"4":0,"5":0,"6":0,"7":0,"8":0,"9":0,"10":0,"11":0,"12":0,"13":0,"14":0,"15":0,"16":0,"17":0,"18":0,"19":0,"20":0,"21":0,"22":0,"23":0,"24":0,"25":0,"26":0,"27":0,"28":0,"29":0,"30":0,"31":0,"32":0,"33":0,"34":0,"35":0},"f":{"0":0,"1":0,"2":0,"3":0,"4":0,"5":0,"6":0,"7":0,"8":0},"b":{"0":[0,0],"1":[0,0],"2":[0,0],"3":[0,0],"4":[0,0],"5":[0,0],"6":[0,0],"7":[0,0],"8":[0,0],"9":[0,0]}}
,"/Users/gopakulkarni/Documents/React-projects/ui_hvc_app/src/containers/SecurityCard/SecurityCard.js": {"path":"/Users/gopakulkarni/Documents/React-projects/ui_hvc_app/src/containers/SecurityCard/SecurityCard.js","statementMap":{"0":{"start":{"line":6,"column":16},"end":{"line":8,"column":1}},"1":{"start":{"line":12,"column":21},"end":{"line":99,"column":1}},"2":{"start":{"line":13,"column":47},"end":{"line":13,"column":59}},"3":{"start":{"line":14,"column":27},"end":{"line":14,"column":39}},"4":{"start":{"line":15,"column":21},"end":{"line":15,"column":31}},"5":{"start":{"line":16,"column":17},"end":{"line":16,"column":27}},"6":{"start":{"line":17,"column":19},"end":{"line":17,"column":29}},"7":{"start":{"line":18,"column":17},"end":{"line":18,"column":27}},"8":{"start":{"line":19,"column":31},"end":{"line":19,"column":54}},"9":{"start":{"line":20,"column":4},"end":{"line":29,"column":9}},"10":{"start":{"line":21,"column":8},"end":{"line":27,"column":9}},"11":{"start":{"line":22,"column":12},"end":{"line":22,"column":35}},"12":{"start":{"line":23,"column":12},"end":{"line":23,"column":31}},"13":{"start":{"line":24,"column":12},"end":{"line":24,"column":51}},"14":{"start":{"line":25,"column":12},"end":{"line":25,"column":43}},"15":{"start":{"line":26,"column":12},"end":{"line":26,"column":47}},"16":{"start":{"line":31,"column":4},"end":{"line":56,"column":16}},"17":{"start":{"line":32,"column":8},"end":{"line":55,"column":10}},"18":{"start":{"line":33,"column":8},"end":{"line":33,"column":40}},"19":{"start":{"line":34,"column":8},"end":{"line":55,"column":9}},"20":{"start":{"line":35,"column":12},"end":{"line":54,"column":13}},"21":{"start":{"line":36,"column":16},"end":{"line":43,"column":22}},"22":{"start":{"line":46,"column":12},"end":{"line":53,"column":22}},"23":{"start":{"line":58,"column":25},"end":{"line":60,"column":5}},"24":{"start":{"line":59,"column":8},"end":{"line":59,"column":20}},"25":{"start":{"line":62,"column":4},"end":{"line":98,"column":5}}},"fnMap":{"0":{"name":"(anonymous_0)","decl":{"start":{"line":12,"column":21},"end":{"line":12,"column":22}},"loc":{"start":{"line":12,"column":60},"end":{"line":99,"column":1}},"line":12},"1":{"name":"(anonymous_1)","decl":{"start":{"line":20,"column":14},"end":{"line":20,"column":15}},"loc":{"start":{"line":20,"column":20},"end":{"line":29,"column":5}},"line":20},"2":{"name":"(anonymous_2)","decl":{"start":{"line":31,"column":14},"end":{"line":31,"column":15}},"loc":{"start":{"line":31,"column":20},"end":{"line":56,"column":5}},"line":31},"3":{"name":"(anonymous_3)","decl":{"start":{"line":58,"column":25},"end":{"line":58,"column":26}},"loc":{"start":{"line":58,"column":34},"end":{"line":60,"column":5}},"line":58}},"branchMap":{"0":{"loc":{"start":{"line":21,"column":8},"end":{"line":27,"column":9}},"type":"if","locations":[{"start":{"line":21,"column":8},"end":{"line":27,"column":9}},{"start":{},"end":{}}],"line":21},"1":{"loc":{"start":{"line":32,"column":8},"end":{"line":55,"column":10}},"type":"if","locations":[{"start":{"line":32,"column":8},"end":{"line":55,"column":10}},{"start":{},"end":{}}],"line":32},"2":{"loc":{"start":{"line":34,"column":8},"end":{"line":55,"column":9}},"type":"if","locations":[{"start":{"line":34,"column":8},"end":{"line":55,"column":9}},{"start":{},"end":{}}],"line":34},"3":{"loc":{"start":{"line":34,"column":11},"end":{"line":34,"column":83}},"type":"binary-expr","locations":[{"start":{"line":34,"column":11},"end":{"line":34,"column":21}},{"start":{"line":34,"column":25},"end":{"line":34,"column":54}},{"start":{"line":34,"column":59},"end":{"line":34,"column":83}}],"line":34},"4":{"loc":{"start":{"line":35,"column":12},"end":{"line":54,"column":13}},"type":"if","locations":[{"start":{"line":35,"column":12},"end":{"line":54,"column":13}},{"start":{"line":45,"column":16},"end":{"line":54,"column":13}}],"line":35},"5":{"loc":{"start":{"line":68,"column":73},"end":{"line":68,"column":101}},"type":"cond-expr","locations":[{"start":{"line":68,"column":86},"end":{"line":68,"column":92}},{"start":{"line":68,"column":95},"end":{"line":68,"column":101}}],"line":68},"6":{"loc":{"start":{"line":69,"column":111},"end":{"line":69,"column":141}},"type":"cond-expr","locations":[{"start":{"line":69,"column":124},"end":{"line":69,"column":133}},{"start":{"line":69,"column":135},"end":{"line":69,"column":141}}],"line":69},"7":{"loc":{"start":{"line":74,"column":93},"end":{"line":74,"column":121}},"type":"cond-expr","locations":[{"start":{"line":74,"column":106},"end":{"line":74,"column":112}},{"start":{"line":74,"column":115},"end":{"line":74,"column":121}}],"line":74},"8":{"loc":{"start":{"line":80,"column":78},"end":{"line":80,"column":106}},"type":"cond-expr","locations":[{"start":{"line":80,"column":91},"end":{"line":80,"column":97}},{"start":{"line":80,"column":100},"end":{"line":80,"column":106}}],"line":80},"9":{"loc":{"start":{"line":86,"column":78},"end":{"line":86,"column":106}},"type":"cond-expr","locations":[{"start":{"line":86,"column":91},"end":{"line":86,"column":97}},{"start":{"line":86,"column":100},"end":{"line":86,"column":106}}],"line":86},"10":{"loc":{"start":{"line":92,"column":78},"end":{"line":92,"column":106}},"type":"cond-expr","locations":[{"start":{"line":92,"column":91},"end":{"line":92,"column":97}},{"start":{"line":92,"column":100},"end":{"line":92,"column":106}}],"line":92}},"s":{"0":0,"1":0,"2":0,"3":0,"4":0,"5":0,"6":0,"7":0,"8":0,"9":0,"10":0,"11":0,"12":0,"13":0,"14":0,"15":0,"16":0,"17":0,"18":0,"19":0,"20":0,"21":0,"22":0,"23":0,"24":0,"25":0},"f":{"0":0,"1":0,"2":0,"3":0},"b":{"0":[0,0],"1":[0,0],"2":[0,0],"3":[0,0,0],"4":[0,0],"5":[0,0],"6":[0,0],"7":[0,0],"8":[0,0],"9":[0,0],"10":[0,0]}}
,"/Users/gopakulkarni/Documents/React-projects/ui_hvc_app/src/containers/SecurityContainer/SecurityContainer.js": {"path":"/Users/gopakulkarni/Documents/React-projects/ui_hvc_app/src/containers/SecurityContainer/SecurityContainer.js","statementMap":{"0":{"start":{"line":12,"column":26},"end":{"line":163,"column":1}},"1":{"start":{"line":13,"column":31},"end":{"line":13,"column":43}},"2":{"start":{"line":14,"column":46},"end":{"line":14,"column":61}},"3":{"start":{"line":15,"column":45},"end":{"line":15,"column":57}},"4":{"start":{"line":16,"column":19},"end":{"line":16,"column":29}},"5":{"start":{"line":17,"column":43},"end":{"line":17,"column":55}},"6":{"start":{"line":18,"column":43},"end":{"line":18,"column":55}},"7":{"start":{"line":19,"column":52},"end":{"line":19,"column":75}},"8":{"start":{"line":21,"column":21},"end":{"line":21,"column":34}},"9":{"start":{"line":23,"column":33},"end":{"line":23,"column":44}},"10":{"start":{"line":24,"column":19},"end":{"line":24,"column":21}},"11":{"start":{"line":25,"column":26},"end":{"line":31,"column":5}},"12":{"start":{"line":26,"column":8},"end":{"line":26,"column":29}},"13":{"start":{"line":27,"column":8},"end":{"line":29,"column":10}},"14":{"start":{"line":28,"column":16},"end":{"line":28,"column":38}},"15":{"start":{"line":30,"column":12},"end":{"line":30,"column":36}},"16":{"start":{"line":34,"column":33},"end":{"line":34,"column":45}},"17":{"start":{"line":36,"column":4},"end":{"line":59,"column":22}},"18":{"start":{"line":37,"column":8},"end":{"line":37,"column":34}},"19":{"start":{"line":38,"column":8},"end":{"line":57,"column":9}},"20":{"start":{"line":40,"column":12},"end":{"line":55,"column":14}},"21":{"start":{"line":41,"column":16},"end":{"line":54,"column":18}},"22":{"start":{"line":56,"column":12},"end":{"line":56,"column":31}},"23":{"start":{"line":60,"column":22},"end":{"line":67,"column":5}},"24":{"start":{"line":61,"column":23},"end":{"line":61,"column":36}},"25":{"start":{"line":62,"column":23},"end":{"line":65,"column":9}},"26":{"start":{"line":66,"column":8},"end":{"line":66,"column":41}},"27":{"start":{"line":69,"column":25},"end":{"line":82,"column":5}},"28":{"start":{"line":70,"column":8},"end":{"line":70,"column":28}},"29":{"start":{"line":71,"column":19},"end":{"line":71,"column":21}},"30":{"start":{"line":72,"column":8},"end":{"line":79,"column":10}},"31":{"start":{"line":73,"column":12},"end":{"line":78,"column":13}},"32":{"start":{"line":74,"column":16},"end":{"line":76,"column":18}},"33":{"start":{"line":75,"column":20},"end":{"line":75,"column":33}},"34":{"start":{"line":80,"column":8},"end":{"line":80,"column":35}},"35":{"start":{"line":84,"column":29},"end":{"line":86,"column":5}},"36":{"start":{"line":85,"column":8},"end":{"line":85,"column":45}},"37":{"start":{"line":88,"column":26},"end":{"line":91,"column":5}},"38":{"start":{"line":89,"column":8},"end":{"line":89,"column":34}},"39":{"start":{"line":89,"column":27},"end":{"line":89,"column":33}},"40":{"start":{"line":96,"column":4},"end":{"line":162,"column":5}},"41":{"start":{"line":101,"column":95},"end":{"line":101,"column":115}},"42":{"start":{"line":104,"column":99},"end":{"line":104,"column":124}},"43":{"start":{"line":123,"column":28},"end":{"line":125,"column":33}},"44":{"start":{"line":148,"column":32},"end":{"line":148,"column":45}},"45":{"start":{"line":149,"column":32},"end":{"line":151,"column":39}},"46":{"start":{"line":157,"column":75},"end":{"line":157,"column":95}}},"fnMap":{"0":{"name":"(anonymous_0)","decl":{"start":{"line":12,"column":26},"end":{"line":12,"column":27}},"loc":{"start":{"line":12,"column":37},"end":{"line":163,"column":1}},"line":12},"1":{"name":"(anonymous_1)","decl":{"start":{"line":25,"column":26},"end":{"line":25,"column":27}},"loc":{"start":{"line":25,"column":35},"end":{"line":31,"column":5}},"line":25},"2":{"name":"(anonymous_2)","decl":{"start":{"line":27,"column":32},"end":{"line":27,"column":33}},"loc":{"start":{"line":27,"column":40},"end":{"line":29,"column":9}},"line":27},"3":{"name":"(anonymous_3)","decl":{"start":{"line":36,"column":14},"end":{"line":36,"column":15}},"loc":{"start":{"line":36,"column":20},"end":{"line":59,"column":5}},"line":36},"4":{"name":"(anonymous_4)","decl":{"start":{"line":40,"column":34},"end":{"line":40,"column":35}},"loc":{"start":{"line":40,"column":44},"end":{"line":55,"column":13}},"line":40},"5":{"name":"(anonymous_5)","decl":{"start":{"line":60,"column":22},"end":{"line":60,"column":23}},"loc":{"start":{"line":60,"column":28},"end":{"line":67,"column":5}},"line":60},"6":{"name":"(anonymous_6)","decl":{"start":{"line":69,"column":25},"end":{"line":69,"column":26}},"loc":{"start":{"line":69,"column":34},"end":{"line":82,"column":5}},"line":69},"7":{"name":"(anonymous_7)","decl":{"start":{"line":72,"column":32},"end":{"line":72,"column":33}},"loc":{"start":{"line":72,"column":42},"end":{"line":79,"column":9}},"line":72},"8":{"name":"(anonymous_8)","decl":{"start":{"line":74,"column":35},"end":{"line":74,"column":36}},"loc":{"start":{"line":74,"column":41},"end":{"line":76,"column":17}},"line":74},"9":{"name":"(anonymous_9)","decl":{"start":{"line":84,"column":29},"end":{"line":84,"column":30}},"loc":{"start":{"line":84,"column":35},"end":{"line":86,"column":5}},"line":84},"10":{"name":"(anonymous_10)","decl":{"start":{"line":88,"column":26},"end":{"line":88,"column":27}},"loc":{"start":{"line":88,"column":32},"end":{"line":91,"column":5}},"line":88},"11":{"name":"(anonymous_11)","decl":{"start":{"line":89,"column":19},"end":{"line":89,"column":20}},"loc":{"start":{"line":89,"column":27},"end":{"line":89,"column":33}},"line":89},"12":{"name":"(anonymous_12)","decl":{"start":{"line":101,"column":89},"end":{"line":101,"column":90}},"loc":{"start":{"line":101,"column":95},"end":{"line":101,"column":115}},"line":101},"13":{"name":"(anonymous_13)","decl":{"start":{"line":104,"column":93},"end":{"line":104,"column":94}},"loc":{"start":{"line":104,"column":99},"end":{"line":104,"column":124}},"line":104},"14":{"name":"(anonymous_14)","decl":{"start":{"line":122,"column":41},"end":{"line":122,"column":42}},"loc":{"start":{"line":122,"column":56},"end":{"line":126,"column":29}},"line":122},"15":{"name":"(anonymous_15)","decl":{"start":{"line":147,"column":63},"end":{"line":147,"column":64}},"loc":{"start":{"line":147,"column":79},"end":{"line":151,"column":40}},"line":147},"16":{"name":"(anonymous_16)","decl":{"start":{"line":157,"column":68},"end":{"line":157,"column":69}},"loc":{"start":{"line":157,"column":74},"end":{"line":157,"column":96}},"line":157}},"branchMap":{"0":{"loc":{"start":{"line":38,"column":8},"end":{"line":57,"column":9}},"type":"if","locations":[{"start":{"line":38,"column":8},"end":{"line":57,"column":9}},{"start":{},"end":{}}],"line":38},"1":{"loc":{"start":{"line":38,"column":11},"end":{"line":38,"column":89}},"type":"binary-expr","locations":[{"start":{"line":38,"column":11},"end":{"line":38,"column":35}},{"start":{"line":38,"column":39},"end":{"line":38,"column":89}}],"line":38},"2":{"loc":{"start":{"line":73,"column":12},"end":{"line":78,"column":13}},"type":"if","locations":[{"start":{"line":73,"column":12},"end":{"line":78,"column":13}},{"start":{},"end":{}}],"line":73},"3":{"loc":{"start":{"line":108,"column":22},"end":{"line":154,"column":26}},"type":"cond-expr","locations":[{"start":{"line":109,"column":20},"end":{"line":133,"column":26}},{"start":{"line":135,"column":20},"end":{"line":154,"column":26}}],"line":108},"4":{"loc":{"start":{"line":147,"column":28},"end":{"line":152,"column":29}},"type":"binary-expr","locations":[{"start":{"line":147,"column":28},"end":{"line":147,"column":41}},{"start":{"line":147,"column":45},"end":{"line":152,"column":29}}],"line":147}},"s":{"0":0,"1":0,"2":0,"3":0,"4":0,"5":0,"6":0,"7":0,"8":0,"9":0,"10":0,"11":0,"12":0,"13":0,"14":0,"15":0,"16":0,"17":0,"18":0,"19":0,"20":0,"21":0,"22":0,"23":0,"24":0,"25":0,"26":0,"27":0,"28":0,"29":0,"30":0,"31":0,"32":0,"33":0,"34":0,"35":0,"36":0,"37":0,"38":0,"39":0,"40":0,"41":0,"42":0,"43":0,"44":0,"45":0,"46":0},"f":{"0":0,"1":0,"2":0,"3":0,"4":0,"5":0,"6":0,"7":0,"8":0,"9":0,"10":0,"11":0,"12":0,"13":0,"14":0,"15":0,"16":0},"b":{"0":[0,0],"1":[0,0],"2":[0,0],"3":[0,0],"4":[0,0]}}
,"/Users/gopakulkarni/Documents/React-projects/ui_hvc_app/src/containers/StorageCard/StorageCard.js": {"path":"/Users/gopakulkarni/Documents/React-projects/ui_hvc_app/src/containers/StorageCard/StorageCard.js","statementMap":{"0":{"start":{"line":6,"column":16},"end":{"line":6,"column":40}},"1":{"start":{"line":8,"column":20},"end":{"line":249,"column":1}},"2":{"start":{"line":9,"column":38},"end":{"line":9,"column":73}},"3":{"start":{"line":11,"column":30},"end":{"line":11,"column":53}},"4":{"start":{"line":12,"column":24},"end":{"line":12,"column":34}},"5":{"start":{"line":13,"column":23},"end":{"line":13,"column":36}},"6":{"start":{"line":14,"column":19},"end":{"line":14,"column":32}},"7":{"start":{"line":15,"column":18},"end":{"line":15,"column":28}},"8":{"start":{"line":16,"column":24},"end":{"line":16,"column":26}},"9":{"start":{"line":17,"column":20},"end":{"line":17,"column":22}},"10":{"start":{"line":20,"column":51},"end":{"line":20,"column":66}},"11":{"start":{"line":22,"column":39},"end":{"line":22,"column":51}},"12":{"start":{"line":23,"column":19},"end":{"line":23,"column":23}},"13":{"start":{"line":24,"column":19},"end":{"line":24,"column":23}},"14":{"start":{"line":25,"column":27},"end":{"line":25,"column":39}},"15":{"start":{"line":33,"column":20},"end":{"line":33,"column":22}},"16":{"start":{"line":57,"column":4},"end":{"line":64,"column":9}},"17":{"start":{"line":58,"column":8},"end":{"line":63,"column":9}},"18":{"start":{"line":59,"column":12},"end":{"line":59,"column":51}},"19":{"start":{"line":60,"column":12},"end":{"line":60,"column":68}},"20":{"start":{"line":61,"column":12},"end":{"line":61,"column":56}},"21":{"start":{"line":62,"column":12},"end":{"line":62,"column":48}},"22":{"start":{"line":66,"column":4},"end":{"line":85,"column":16}},"23":{"start":{"line":67,"column":8},"end":{"line":84,"column":10}},"24":{"start":{"line":68,"column":8},"end":{"line":68,"column":40}},"25":{"start":{"line":69,"column":8},"end":{"line":74,"column":9}},"26":{"start":{"line":70,"column":12},"end":{"line":70,"column":28}},"27":{"start":{"line":73,"column":12},"end":{"line":73,"column":27}},"28":{"start":{"line":75,"column":8},"end":{"line":84,"column":9}},"29":{"start":{"line":76,"column":12},"end":{"line":83,"column":22}},"30":{"start":{"line":87,"column":25},"end":{"line":91,"column":5}},"31":{"start":{"line":88,"column":8},"end":{"line":88,"column":38}},"32":{"start":{"line":89,"column":8},"end":{"line":89,"column":26}},"33":{"start":{"line":90,"column":8},"end":{"line":90,"column":43}},"34":{"start":{"line":90,"column":36},"end":{"line":90,"column":41}},"35":{"start":{"line":102,"column":31},"end":{"line":110,"column":5}},"36":{"start":{"line":103,"column":8},"end":{"line":109,"column":9}},"37":{"start":{"line":104,"column":12},"end":{"line":104,"column":46}},"38":{"start":{"line":104,"column":40},"end":{"line":104,"column":45}},"39":{"start":{"line":105,"column":12},"end":{"line":105,"column":34}},"40":{"start":{"line":108,"column":12},"end":{"line":108,"column":35}},"41":{"start":{"line":112,"column":27},"end":{"line":120,"column":5}},"42":{"start":{"line":113,"column":8},"end":{"line":119,"column":9}},"43":{"start":{"line":114,"column":12},"end":{"line":114,"column":46}},"44":{"start":{"line":114,"column":40},"end":{"line":114,"column":45}},"45":{"start":{"line":115,"column":12},"end":{"line":115,"column":30}},"46":{"start":{"line":118,"column":12},"end":{"line":118,"column":31}},"47":{"start":{"line":122,"column":28},"end":{"line":124,"column":5}},"48":{"start":{"line":123,"column":8},"end":{"line":123,"column":42}},"49":{"start":{"line":123,"column":36},"end":{"line":123,"column":41}},"50":{"start":{"line":126,"column":29},"end":{"line":190,"column":5}},"51":{"start":{"line":127,"column":8},"end":{"line":129,"column":9}},"52":{"start":{"line":128,"column":12},"end":{"line":128,"column":85}},"53":{"start":{"line":130,"column":8},"end":{"line":159,"column":9}},"54":{"start":{"line":131,"column":27},"end":{"line":133,"column":78}},"55":{"start":{"line":134,"column":12},"end":{"line":134,"column":33}},"56":{"start":{"line":135,"column":12},"end":{"line":139,"column":13}},"57":{"start":{"line":136,"column":16},"end":{"line":136,"column":33}},"58":{"start":{"line":137,"column":16},"end":{"line":137,"column":40}},"59":{"start":{"line":138,"column":16},"end":{"line":138,"column":37}},"60":{"start":{"line":140,"column":12},"end":{"line":148,"column":13}},"61":{"start":{"line":141,"column":16},"end":{"line":141,"column":30}},"62":{"start":{"line":143,"column":17},"end":{"line":148,"column":13}},"63":{"start":{"line":144,"column":16},"end":{"line":144,"column":30}},"64":{"start":{"line":146,"column":17},"end":{"line":148,"column":13}},"65":{"start":{"line":147,"column":16},"end":{"line":147,"column":31}},"66":{"start":{"line":149,"column":12},"end":{"line":158,"column":13}},"67":{"start":{"line":150,"column":16},"end":{"line":150,"column":37}},"68":{"start":{"line":151,"column":16},"end":{"line":151,"column":100}},"69":{"start":{"line":154,"column":16},"end":{"line":154,"column":56}},"70":{"start":{"line":155,"column":16},"end":{"line":157,"column":17}},"71":{"start":{"line":156,"column":16},"end":{"line":156,"column":50}},"72":{"start":{"line":156,"column":44},"end":{"line":156,"column":49}},"73":{"start":{"line":160,"column":8},"end":{"line":188,"column":9}},"74":{"start":{"line":161,"column":27},"end":{"line":163,"column":78}},"75":{"start":{"line":164,"column":12},"end":{"line":164,"column":33}},"76":{"start":{"line":165,"column":12},"end":{"line":168,"column":13}},"77":{"start":{"line":166,"column":16},"end":{"line":166,"column":33}},"78":{"start":{"line":167,"column":16},"end":{"line":167,"column":40}},"79":{"start":{"line":169,"column":12},"end":{"line":177,"column":13}},"80":{"start":{"line":170,"column":16},"end":{"line":170,"column":30}},"81":{"start":{"line":172,"column":17},"end":{"line":177,"column":13}},"82":{"start":{"line":173,"column":16},"end":{"line":173,"column":30}},"83":{"start":{"line":175,"column":17},"end":{"line":177,"column":13}},"84":{"start":{"line":176,"column":16},"end":{"line":176,"column":31}},"85":{"start":{"line":178,"column":12},"end":{"line":187,"column":13}},"86":{"start":{"line":179,"column":16},"end":{"line":179,"column":37}},"87":{"start":{"line":180,"column":16},"end":{"line":180,"column":102}},"88":{"start":{"line":183,"column":16},"end":{"line":183,"column":56}},"89":{"start":{"line":184,"column":16},"end":{"line":186,"column":17}},"90":{"start":{"line":185,"column":20},"end":{"line":185,"column":54}},"91":{"start":{"line":185,"column":48},"end":{"line":185,"column":53}},"92":{"start":{"line":192,"column":4},"end":{"line":248,"column":5}},"93":{"start":{"line":242,"column":60},"end":{"line":242,"column":79}}},"fnMap":{"0":{"name":"(anonymous_0)","decl":{"start":{"line":8,"column":20},"end":{"line":8,"column":21}},"loc":{"start":{"line":8,"column":87},"end":{"line":249,"column":1}},"line":8},"1":{"name":"(anonymous_1)","decl":{"start":{"line":57,"column":14},"end":{"line":57,"column":15}},"loc":{"start":{"line":57,"column":20},"end":{"line":64,"column":5}},"line":57},"2":{"name":"(anonymous_2)","decl":{"start":{"line":66,"column":14},"end":{"line":66,"column":15}},"loc":{"start":{"line":66,"column":20},"end":{"line":85,"column":5}},"line":66},"3":{"name":"(anonymous_3)","decl":{"start":{"line":87,"column":25},"end":{"line":87,"column":26}},"loc":{"start":{"line":87,"column":34},"end":{"line":91,"column":5}},"line":87},"4":{"name":"(anonymous_4)","decl":{"start":{"line":90,"column":28},"end":{"line":90,"column":29}},"loc":{"start":{"line":90,"column":36},"end":{"line":90,"column":41}},"line":90},"5":{"name":"(anonymous_5)","decl":{"start":{"line":102,"column":31},"end":{"line":102,"column":32}},"loc":{"start":{"line":102,"column":37},"end":{"line":110,"column":5}},"line":102},"6":{"name":"(anonymous_6)","decl":{"start":{"line":104,"column":32},"end":{"line":104,"column":33}},"loc":{"start":{"line":104,"column":40},"end":{"line":104,"column":45}},"line":104},"7":{"name":"(anonymous_7)","decl":{"start":{"line":112,"column":27},"end":{"line":112,"column":28}},"loc":{"start":{"line":112,"column":33},"end":{"line":120,"column":5}},"line":112},"8":{"name":"(anonymous_8)","decl":{"start":{"line":114,"column":32},"end":{"line":114,"column":33}},"loc":{"start":{"line":114,"column":40},"end":{"line":114,"column":45}},"line":114},"9":{"name":"(anonymous_9)","decl":{"start":{"line":122,"column":28},"end":{"line":122,"column":29}},"loc":{"start":{"line":122,"column":34},"end":{"line":124,"column":5}},"line":122},"10":{"name":"(anonymous_10)","decl":{"start":{"line":123,"column":28},"end":{"line":123,"column":29}},"loc":{"start":{"line":123,"column":36},"end":{"line":123,"column":41}},"line":123},"11":{"name":"(anonymous_11)","decl":{"start":{"line":126,"column":29},"end":{"line":126,"column":30}},"loc":{"start":{"line":126,"column":35},"end":{"line":190,"column":5}},"line":126},"12":{"name":"(anonymous_12)","decl":{"start":{"line":156,"column":36},"end":{"line":156,"column":37}},"loc":{"start":{"line":156,"column":44},"end":{"line":156,"column":49}},"line":156},"13":{"name":"(anonymous_13)","decl":{"start":{"line":185,"column":40},"end":{"line":185,"column":41}},"loc":{"start":{"line":185,"column":48},"end":{"line":185,"column":53}},"line":185},"14":{"name":"(anonymous_14)","decl":{"start":{"line":242,"column":54},"end":{"line":242,"column":55}},"loc":{"start":{"line":242,"column":60},"end":{"line":242,"column":79}},"line":242}},"branchMap":{"0":{"loc":{"start":{"line":58,"column":8},"end":{"line":63,"column":9}},"type":"if","locations":[{"start":{"line":58,"column":8},"end":{"line":63,"column":9}},{"start":{},"end":{}}],"line":58},"1":{"loc":{"start":{"line":60,"column":36},"end":{"line":60,"column":68}},"type":"cond-expr","locations":[{"start":{"line":60,"column":51},"end":{"line":60,"column":63}},{"start":{"line":60,"column":66},"end":{"line":60,"column":68}}],"line":60},"2":{"loc":{"start":{"line":67,"column":8},"end":{"line":84,"column":10}},"type":"if","locations":[{"start":{"line":67,"column":8},"end":{"line":84,"column":10}},{"start":{},"end":{}}],"line":67},"3":{"loc":{"start":{"line":69,"column":8},"end":{"line":74,"column":9}},"type":"if","locations":[{"start":{"line":69,"column":8},"end":{"line":74,"column":9}},{"start":{"line":72,"column":12},"end":{"line":74,"column":9}}],"line":69},"4":{"loc":{"start":{"line":75,"column":8},"end":{"line":84,"column":9}},"type":"if","locations":[{"start":{"line":75,"column":8},"end":{"line":84,"column":9}},{"start":{},"end":{}}],"line":75},"5":{"loc":{"start":{"line":75,"column":11},"end":{"line":75,"column":77}},"type":"binary-expr","locations":[{"start":{"line":75,"column":11},"end":{"line":75,"column":42}},{"start":{"line":75,"column":46},"end":{"line":75,"column":63}},{"start":{"line":75,"column":67},"end":{"line":75,"column":77}}],"line":75},"6":{"loc":{"start":{"line":103,"column":8},"end":{"line":109,"column":9}},"type":"if","locations":[{"start":{"line":103,"column":8},"end":{"line":109,"column":9}},{"start":{"line":107,"column":12},"end":{"line":109,"column":9}}],"line":103},"7":{"loc":{"start":{"line":113,"column":8},"end":{"line":119,"column":9}},"type":"if","locations":[{"start":{"line":113,"column":8},"end":{"line":119,"column":9}},{"start":{"line":117,"column":12},"end":{"line":119,"column":9}}],"line":113},"8":{"loc":{"start":{"line":127,"column":8},"end":{"line":129,"column":9}},"type":"if","locations":[{"start":{"line":127,"column":8},"end":{"line":129,"column":9}},{"start":{},"end":{}}],"line":127},"9":{"loc":{"start":{"line":130,"column":8},"end":{"line":159,"column":9}},"type":"if","locations":[{"start":{"line":130,"column":8},"end":{"line":159,"column":9}},{"start":{},"end":{}}],"line":130},"10":{"loc":{"start":{"line":131,"column":27},"end":{"line":133,"column":78}},"type":"cond-expr","locations":[{"start":{"line":132,"column":28},"end":{"line":132,"column":78}},{"start":{"line":133,"column":28},"end":{"line":133,"column":78}}],"line":131},"11":{"loc":{"start":{"line":135,"column":12},"end":{"line":139,"column":13}},"type":"if","locations":[{"start":{"line":135,"column":12},"end":{"line":139,"column":13}},{"start":{},"end":{}}],"line":135},"12":{"loc":{"start":{"line":140,"column":12},"end":{"line":148,"column":13}},"type":"if","locations":[{"start":{"line":140,"column":12},"end":{"line":148,"column":13}},{"start":{"line":143,"column":17},"end":{"line":148,"column":13}}],"line":140},"13":{"loc":{"start":{"line":143,"column":17},"end":{"line":148,"column":13}},"type":"if","locations":[{"start":{"line":143,"column":17},"end":{"line":148,"column":13}},{"start":{"line":146,"column":17},"end":{"line":148,"column":13}}],"line":143},"14":{"loc":{"start":{"line":143,"column":20},"end":{"line":143,"column":54}},"type":"binary-expr","locations":[{"start":{"line":143,"column":20},"end":{"line":143,"column":35}},{"start":{"line":143,"column":39},"end":{"line":143,"column":54}}],"line":143},"15":{"loc":{"start":{"line":146,"column":17},"end":{"line":148,"column":13}},"type":"if","locations":[{"start":{"line":146,"column":17},"end":{"line":148,"column":13}},{"start":{},"end":{}}],"line":146},"16":{"loc":{"start":{"line":149,"column":12},"end":{"line":158,"column":13}},"type":"if","locations":[{"start":{"line":149,"column":12},"end":{"line":158,"column":13}},{"start":{"line":153,"column":16},"end":{"line":158,"column":13}}],"line":149},"17":{"loc":{"start":{"line":149,"column":15},"end":{"line":149,"column":46}},"type":"binary-expr","locations":[{"start":{"line":149,"column":15},"end":{"line":149,"column":28}},{"start":{"line":149,"column":32},"end":{"line":149,"column":46}}],"line":149},"18":{"loc":{"start":{"line":155,"column":16},"end":{"line":157,"column":17}},"type":"if","locations":[{"start":{"line":155,"column":16},"end":{"line":157,"column":17}},{"start":{},"end":{}}],"line":155},"19":{"loc":{"start":{"line":155,"column":19},"end":{"line":155,"column":111}},"type":"binary-expr","locations":[{"start":{"line":155,"column":19},"end":{"line":155,"column":63}},{"start":{"line":155,"column":67},"end":{"line":155,"column":111}}],"line":155},"20":{"loc":{"start":{"line":160,"column":8},"end":{"line":188,"column":9}},"type":"if","locations":[{"start":{"line":160,"column":8},"end":{"line":188,"column":9}},{"start":{},"end":{}}],"line":160},"21":{"loc":{"start":{"line":161,"column":27},"end":{"line":163,"column":78}},"type":"cond-expr","locations":[{"start":{"line":162,"column":28},"end":{"line":162,"column":78}},{"start":{"line":163,"column":28},"end":{"line":163,"column":78}}],"line":161},"22":{"loc":{"start":{"line":165,"column":12},"end":{"line":168,"column":13}},"type":"if","locations":[{"start":{"line":165,"column":12},"end":{"line":168,"column":13}},{"start":{},"end":{}}],"line":165},"23":{"loc":{"start":{"line":169,"column":12},"end":{"line":177,"column":13}},"type":"if","locations":[{"start":{"line":169,"column":12},"end":{"line":177,"column":13}},{"start":{"line":172,"column":17},"end":{"line":177,"column":13}}],"line":169},"24":{"loc":{"start":{"line":172,"column":17},"end":{"line":177,"column":13}},"type":"if","locations":[{"start":{"line":172,"column":17},"end":{"line":177,"column":13}},{"start":{"line":175,"column":17},"end":{"line":177,"column":13}}],"line":172},"25":{"loc":{"start":{"line":172,"column":20},"end":{"line":172,"column":54}},"type":"binary-expr","locations":[{"start":{"line":172,"column":20},"end":{"line":172,"column":35}},{"start":{"line":172,"column":39},"end":{"line":172,"column":54}}],"line":172},"26":{"loc":{"start":{"line":175,"column":17},"end":{"line":177,"column":13}},"type":"if","locations":[{"start":{"line":175,"column":17},"end":{"line":177,"column":13}},{"start":{},"end":{}}],"line":175},"27":{"loc":{"start":{"line":178,"column":12},"end":{"line":187,"column":13}},"type":"if","locations":[{"start":{"line":178,"column":12},"end":{"line":187,"column":13}},{"start":{"line":182,"column":16},"end":{"line":187,"column":13}}],"line":178},"28":{"loc":{"start":{"line":178,"column":15},"end":{"line":178,"column":45}},"type":"binary-expr","locations":[{"start":{"line":178,"column":15},"end":{"line":178,"column":28}},{"start":{"line":178,"column":32},"end":{"line":178,"column":45}}],"line":178},"29":{"loc":{"start":{"line":184,"column":16},"end":{"line":186,"column":17}},"type":"if","locations":[{"start":{"line":184,"column":16},"end":{"line":186,"column":17}},{"start":{},"end":{}}],"line":184},"30":{"loc":{"start":{"line":184,"column":19},"end":{"line":184,"column":111}},"type":"binary-expr","locations":[{"start":{"line":184,"column":19},"end":{"line":184,"column":63}},{"start":{"line":184,"column":67},"end":{"line":184,"column":111}}],"line":184},"31":{"loc":{"start":{"line":194,"column":14},"end":{"line":194,"column":90}},"type":"binary-expr","locations":[{"start":{"line":194,"column":14},"end":{"line":194,"column":33}},{"start":{"line":194,"column":37},"end":{"line":194,"column":90}}],"line":194},"32":{"loc":{"start":{"line":199,"column":73},"end":{"line":199,"column":97}},"type":"cond-expr","locations":[{"start":{"line":199,"column":82},"end":{"line":199,"column":88}},{"start":{"line":199,"column":91},"end":{"line":199,"column":97}}],"line":199},"33":{"loc":{"start":{"line":200,"column":110},"end":{"line":200,"column":142}},"type":"cond-expr","locations":[{"start":{"line":200,"column":119},"end":{"line":200,"column":131}},{"start":{"line":200,"column":134},"end":{"line":200,"column":142}}],"line":200},"34":{"loc":{"start":{"line":205,"column":21},"end":{"line":209,"column":26}},"type":"cond-expr","locations":[{"start":{"line":205,"column":30},"end":{"line":207,"column":26}},{"start":{"line":207,"column":27},"end":{"line":209,"column":26}}],"line":205},"35":{"loc":{"start":{"line":208,"column":25},"end":{"line":208,"column":50}},"type":"cond-expr","locations":[{"start":{"line":208,"column":37},"end":{"line":208,"column":43}},{"start":{"line":208,"column":45},"end":{"line":208,"column":50}}],"line":208},"36":{"loc":{"start":{"line":214,"column":83},"end":{"line":214,"column":107}},"type":"cond-expr","locations":[{"start":{"line":214,"column":92},"end":{"line":214,"column":98}},{"start":{"line":214,"column":101},"end":{"line":214,"column":107}}],"line":214},"37":{"loc":{"start":{"line":220,"column":88},"end":{"line":220,"column":112}},"type":"cond-expr","locations":[{"start":{"line":220,"column":97},"end":{"line":220,"column":103}},{"start":{"line":220,"column":106},"end":{"line":220,"column":112}}],"line":220},"38":{"loc":{"start":{"line":226,"column":25},"end":{"line":226,"column":54}},"type":"cond-expr","locations":[{"start":{"line":226,"column":34},"end":{"line":226,"column":47}},{"start":{"line":226,"column":50},"end":{"line":226,"column":54}}],"line":226},"39":{"loc":{"start":{"line":232,"column":84},"end":{"line":232,"column":108}},"type":"cond-expr","locations":[{"start":{"line":232,"column":93},"end":{"line":232,"column":99}},{"start":{"line":232,"column":102},"end":{"line":232,"column":108}}],"line":232},"40":{"loc":{"start":{"line":238,"column":81},"end":{"line":238,"column":105}},"type":"cond-expr","locations":[{"start":{"line":238,"column":90},"end":{"line":238,"column":96}},{"start":{"line":238,"column":99},"end":{"line":238,"column":105}}],"line":238},"41":{"loc":{"start":{"line":242,"column":13},"end":{"line":244,"column":18}},"type":"binary-expr","locations":[{"start":{"line":242,"column":14},"end":{"line":242,"column":24}},{"start":{"line":242,"column":28},"end":{"line":242,"column":35}},{"start":{"line":242,"column":40},"end":{"line":244,"column":18}}],"line":242}},"s":{"0":0,"1":0,"2":0,"3":0,"4":0,"5":0,"6":0,"7":0,"8":0,"9":0,"10":0,"11":0,"12":0,"13":0,"14":0,"15":0,"16":0,"17":0,"18":0,"19":0,"20":0,"21":0,"22":0,"23":0,"24":0,"25":0,"26":0,"27":0,"28":0,"29":0,"30":0,"31":0,"32":0,"33":0,"34":0,"35":0,"36":0,"37":0,"38":0,"39":0,"40":0,"41":0,"42":0,"43":0,"44":0,"45":0,"46":0,"47":0,"48":0,"49":0,"50":0,"51":0,"52":0,"53":0,"54":0,"55":0,"56":0,"57":0,"58":0,"59":0,"60":0,"61":0,"62":0,"63":0,"64":0,"65":0,"66":0,"67":0,"68":0,"69":0,"70":0,"71":0,"72":0,"73":0,"74":0,"75":0,"76":0,"77":0,"78":0,"79":0,"80":0,"81":0,"82":0,"83":0,"84":0,"85":0,"86":0,"87":0,"88":0,"89":0,"90":0,"91":0,"92":0,"93":0},"f":{"0":0,"1":0,"2":0,"3":0,"4":0,"5":0,"6":0,"7":0,"8":0,"9":0,"10":0,"11":0,"12":0,"13":0,"14":0},"b":{"0":[0,0],"1":[0,0],"2":[0,0],"3":[0,0],"4":[0,0],"5":[0,0,0],"6":[0,0],"7":[0,0],"8":[0,0],"9":[0,0],"10":[0,0],"11":[0,0],"12":[0,0],"13":[0,0],"14":[0,0],"15":[0,0],"16":[0,0],"17":[0,0],"18":[0,0],"19":[0,0],"20":[0,0],"21":[0,0],"22":[0,0],"23":[0,0],"24":[0,0],"25":[0,0],"26":[0,0],"27":[0,0],"28":[0,0],"29":[0,0],"30":[0,0],"31":[0,0],"32":[0,0],"33":[0,0],"34":[0,0],"35":[0,0],"36":[0,0],"37":[0,0],"38":[0,0],"39":[0,0],"40":[0,0],"41":[0,0,0]}}
,"/Users/gopakulkarni/Documents/React-projects/ui_hvc_app/src/containers/StorageContainer/StorageContainer.js": {"path":"/Users/gopakulkarni/Documents/React-projects/ui_hvc_app/src/containers/StorageContainer/StorageContainer.js","statementMap":{"0":{"start":{"line":7,"column":25},"end":{"line":149,"column":1}},"1":{"start":{"line":8,"column":33},"end":{"line":8,"column":45}},"2":{"start":{"line":9,"column":33},"end":{"line":9,"column":44}},"3":{"start":{"line":10,"column":51},"end":{"line":10,"column":74}},"4":{"start":{"line":11,"column":21},"end":{"line":11,"column":34}},"5":{"start":{"line":12,"column":23},"end":{"line":12,"column":31}},"6":{"start":{"line":14,"column":15},"end":{"line":14,"column":17}},"7":{"start":{"line":15,"column":15},"end":{"line":15,"column":17}},"8":{"start":{"line":16,"column":23},"end":{"line":16,"column":25}},"9":{"start":{"line":17,"column":4},"end":{"line":93,"column":21}},"10":{"start":{"line":18,"column":8},"end":{"line":18,"column":33}},"11":{"start":{"line":19,"column":8},"end":{"line":92,"column":9}},"12":{"start":{"line":20,"column":12},"end":{"line":61,"column":14}},"13":{"start":{"line":22,"column":20},"end":{"line":60,"column":21}},"14":{"start":{"line":24,"column":24},"end":{"line":24,"column":35}},"15":{"start":{"line":25,"column":24},"end":{"line":40,"column":26}},"16":{"start":{"line":42,"column":25},"end":{"line":60,"column":21}},"17":{"start":{"line":43,"column":24},"end":{"line":43,"column":35}},"18":{"start":{"line":44,"column":24},"end":{"line":59,"column":26}},"19":{"start":{"line":63,"column":29},"end":{"line":63,"column":67}},"20":{"start":{"line":64,"column":40},"end":{"line":64,"column":60}},"21":{"start":{"line":65,"column":20},"end":{"line":77,"column":21}},"22":{"start":{"line":67,"column":24},"end":{"line":67,"column":40}},"23":{"start":{"line":69,"column":25},"end":{"line":77,"column":21}},"24":{"start":{"line":70,"column":24},"end":{"line":70,"column":42}},"25":{"start":{"line":72,"column":25},"end":{"line":77,"column":21}},"26":{"start":{"line":73,"column":24},"end":{"line":73,"column":43}},"27":{"start":{"line":75,"column":25},"end":{"line":77,"column":21}},"28":{"start":{"line":76,"column":24},"end":{"line":76,"column":43}},"29":{"start":{"line":78,"column":34},"end":{"line":78,"column":83}},"30":{"start":{"line":78,"column":52},"end":{"line":78,"column":63}},"31":{"start":{"line":79,"column":20},"end":{"line":79,"column":38}},"32":{"start":{"line":80,"column":20},"end":{"line":90,"column":23}},"33":{"start":{"line":81,"column":20},"end":{"line":81,"column":52}},"34":{"start":{"line":82,"column":20},"end":{"line":90,"column":22}},"35":{"start":{"line":91,"column":20},"end":{"line":91,"column":41}},"36":{"start":{"line":95,"column":32},"end":{"line":97,"column":5}},"37":{"start":{"line":96,"column":8},"end":{"line":96,"column":53}},"38":{"start":{"line":98,"column":22},"end":{"line":106,"column":5}},"39":{"start":{"line":99,"column":23},"end":{"line":99,"column":36}},"40":{"start":{"line":100,"column":23},"end":{"line":103,"column":9}},"41":{"start":{"line":104,"column":8},"end":{"line":104,"column":46}},"42":{"start":{"line":104,"column":27},"end":{"line":104,"column":45}},"43":{"start":{"line":105,"column":8},"end":{"line":105,"column":27}},"44":{"start":{"line":108,"column":30},"end":{"line":111,"column":5}},"45":{"start":{"line":109,"column":8},"end":{"line":109,"column":27}},"46":{"start":{"line":110,"column":8},"end":{"line":110,"column":88}},"47":{"start":{"line":110,"column":30},"end":{"line":110,"column":87}},"48":{"start":{"line":110,"column":55},"end":{"line":110,"column":86}},"49":{"start":{"line":115,"column":26},"end":{"line":118,"column":5}},"50":{"start":{"line":116,"column":8},"end":{"line":116,"column":34}},"51":{"start":{"line":116,"column":27},"end":{"line":116,"column":33}},"52":{"start":{"line":120,"column":4},"end":{"line":148,"column":5}},"53":{"start":{"line":130,"column":24},"end":{"line":130,"column":140}},"54":{"start":{"line":143,"column":75},"end":{"line":143,"column":96}}},"fnMap":{"0":{"name":"(anonymous_0)","decl":{"start":{"line":7,"column":25},"end":{"line":7,"column":26}},"loc":{"start":{"line":7,"column":36},"end":{"line":149,"column":1}},"line":7},"1":{"name":"(anonymous_1)","decl":{"start":{"line":17,"column":14},"end":{"line":17,"column":15}},"loc":{"start":{"line":17,"column":20},"end":{"line":93,"column":5}},"line":17},"2":{"name":"(anonymous_2)","decl":{"start":{"line":20,"column":33},"end":{"line":20,"column":34}},"loc":{"start":{"line":20,"column":43},"end":{"line":61,"column":13}},"line":20},"3":{"name":"(anonymous_3)","decl":{"start":{"line":78,"column":47},"end":{"line":78,"column":48}},"loc":{"start":{"line":78,"column":52},"end":{"line":78,"column":63}},"line":78},"4":{"name":"(anonymous_4)","decl":{"start":{"line":95,"column":32},"end":{"line":95,"column":33}},"loc":{"start":{"line":95,"column":38},"end":{"line":97,"column":5}},"line":95},"5":{"name":"(anonymous_5)","decl":{"start":{"line":98,"column":22},"end":{"line":98,"column":23}},"loc":{"start":{"line":98,"column":28},"end":{"line":106,"column":5}},"line":98},"6":{"name":"(anonymous_6)","decl":{"start":{"line":104,"column":19},"end":{"line":104,"column":20}},"loc":{"start":{"line":104,"column":27},"end":{"line":104,"column":45}},"line":104},"7":{"name":"(anonymous_7)","decl":{"start":{"line":108,"column":30},"end":{"line":108,"column":31}},"loc":{"start":{"line":108,"column":41},"end":{"line":111,"column":5}},"line":108},"8":{"name":"(anonymous_8)","decl":{"start":{"line":110,"column":19},"end":{"line":110,"column":20}},"loc":{"start":{"line":110,"column":30},"end":{"line":110,"column":87}},"line":110},"9":{"name":"(anonymous_9)","decl":{"start":{"line":110,"column":45},"end":{"line":110,"column":46}},"loc":{"start":{"line":110,"column":55},"end":{"line":110,"column":86}},"line":110},"10":{"name":"(anonymous_10)","decl":{"start":{"line":115,"column":26},"end":{"line":115,"column":27}},"loc":{"start":{"line":115,"column":32},"end":{"line":118,"column":5}},"line":115},"11":{"name":"(anonymous_11)","decl":{"start":{"line":116,"column":19},"end":{"line":116,"column":20}},"loc":{"start":{"line":116,"column":27},"end":{"line":116,"column":33}},"line":116},"12":{"name":"(anonymous_12)","decl":{"start":{"line":126,"column":29},"end":{"line":126,"column":30}},"loc":{"start":{"line":126,"column":44},"end":{"line":131,"column":21}},"line":126},"13":{"name":"(anonymous_13)","decl":{"start":{"line":143,"column":68},"end":{"line":143,"column":69}},"loc":{"start":{"line":143,"column":74},"end":{"line":143,"column":97}},"line":143}},"branchMap":{"0":{"loc":{"start":{"line":19,"column":8},"end":{"line":92,"column":9}},"type":"if","locations":[{"start":{"line":19,"column":8},"end":{"line":92,"column":9}},{"start":{},"end":{}}],"line":19},"1":{"loc":{"start":{"line":19,"column":11},"end":{"line":19,"column":55}},"type":"binary-expr","locations":[{"start":{"line":19,"column":11},"end":{"line":19,"column":34}},{"start":{"line":19,"column":38},"end":{"line":19,"column":55}}],"line":19},"2":{"loc":{"start":{"line":22,"column":20},"end":{"line":60,"column":21}},"type":"if","locations":[{"start":{"line":22,"column":20},"end":{"line":60,"column":21}},{"start":{"line":42,"column":25},"end":{"line":60,"column":21}}],"line":22},"3":{"loc":{"start":{"line":42,"column":25},"end":{"line":60,"column":21}},"type":"if","locations":[{"start":{"line":42,"column":25},"end":{"line":60,"column":21}},{"start":{},"end":{}}],"line":42},"4":{"loc":{"start":{"line":65,"column":20},"end":{"line":77,"column":21}},"type":"if","locations":[{"start":{"line":65,"column":20},"end":{"line":77,"column":21}},{"start":{"line":69,"column":25},"end":{"line":77,"column":21}}],"line":65},"5":{"loc":{"start":{"line":69,"column":25},"end":{"line":77,"column":21}},"type":"if","locations":[{"start":{"line":69,"column":25},"end":{"line":77,"column":21}},{"start":{"line":72,"column":25},"end":{"line":77,"column":21}}],"line":69},"6":{"loc":{"start":{"line":69,"column":28},"end":{"line":69,"column":62}},"type":"binary-expr","locations":[{"start":{"line":69,"column":28},"end":{"line":69,"column":43}},{"start":{"line":69,"column":47},"end":{"line":69,"column":62}}],"line":69},"7":{"loc":{"start":{"line":72,"column":25},"end":{"line":77,"column":21}},"type":"if","locations":[{"start":{"line":72,"column":25},"end":{"line":77,"column":21}},{"start":{"line":75,"column":25},"end":{"line":77,"column":21}}],"line":72},"8":{"loc":{"start":{"line":72,"column":28},"end":{"line":72,"column":64}},"type":"binary-expr","locations":[{"start":{"line":72,"column":28},"end":{"line":72,"column":44}},{"start":{"line":72,"column":48},"end":{"line":72,"column":64}}],"line":72},"9":{"loc":{"start":{"line":75,"column":25},"end":{"line":77,"column":21}},"type":"if","locations":[{"start":{"line":75,"column":25},"end":{"line":77,"column":21}},{"start":{},"end":{}}],"line":75},"10":{"loc":{"start":{"line":75,"column":28},"end":{"line":75,"column":65}},"type":"binary-expr","locations":[{"start":{"line":75,"column":28},"end":{"line":75,"column":44}},{"start":{"line":75,"column":48},"end":{"line":75,"column":65}}],"line":75},"11":{"loc":{"start":{"line":80,"column":20},"end":{"line":90,"column":23}},"type":"if","locations":[{"start":{"line":80,"column":20},"end":{"line":90,"column":23}},{"start":{},"end":{}}],"line":80}},"s":{"0":0,"1":0,"2":0,"3":0,"4":0,"5":0,"6":0,"7":0,"8":0,"9":0,"10":0,"11":0,"12":0,"13":0,"14":0,"15":0,"16":0,"17":0,"18":0,"19":0,"20":0,"21":0,"22":0,"23":0,"24":0,"25":0,"26":0,"27":0,"28":0,"29":0,"30":0,"31":0,"32":0,"33":0,"34":0,"35":0,"36":0,"37":0,"38":0,"39":0,"40":0,"41":0,"42":0,"43":0,"44":0,"45":0,"46":0,"47":0,"48":0,"49":0,"50":0,"51":0,"52":0,"53":0,"54":0},"f":{"0":0,"1":0,"2":0,"3":0,"4":0,"5":0,"6":0,"7":0,"8":0,"9":0,"10":0,"11":0,"12":0,"13":0},"b":{"0":[0,0],"1":[0,0],"2":[0,0],"3":[0,0],"4":[0,0],"5":[0,0],"6":[0,0],"7":[0,0],"8":[0,0],"9":[0,0],"10":[0,0],"11":[0,0]}}
,"/Users/gopakulkarni/Documents/React-projects/ui_hvc_app/src/context/ImageContext/MainContext.js": {"path":"/Users/gopakulkarni/Documents/React-projects/ui_hvc_app/src/context/ImageContext/MainContext.js","statementMap":{"0":{"start":{"line":4,"column":27},"end":{"line":4,"column":44}},"1":{"start":{"line":7,"column":28},"end":{"line":77,"column":1}},"2":{"start":{"line":8,"column":32},"end":{"line":8,"column":61}},"3":{"start":{"line":9,"column":36},"end":{"line":9,"column":48}},"4":{"start":{"line":10,"column":42},"end":{"line":10,"column":53}},"5":{"start":{"line":11,"column":43},"end":{"line":11,"column":55}},"6":{"start":{"line":12,"column":33},"end":{"line":12,"column":45}},"7":{"start":{"line":13,"column":45},"end":{"line":13,"column":57}},"8":{"start":{"line":14,"column":49},"end":{"line":14,"column":64}},"9":{"start":{"line":15,"column":39},"end":{"line":15,"column":94}},"10":{"start":{"line":17,"column":27},"end":{"line":33,"column":5}},"11":{"start":{"line":31,"column":8},"end":{"line":31,"column":43}},"12":{"start":{"line":31,"column":28},"end":{"line":31,"column":42}},"13":{"start":{"line":32,"column":8},"end":{"line":32,"column":79}},"14":{"start":{"line":32,"column":31},"end":{"line":32,"column":78}},"15":{"start":{"line":35,"column":34},"end":{"line":37,"column":5}},"16":{"start":{"line":36,"column":8},"end":{"line":36,"column":32}},"17":{"start":{"line":39,"column":26},"end":{"line":41,"column":5}},"18":{"start":{"line":40,"column":8},"end":{"line":40,"column":25}},"19":{"start":{"line":43,"column":28},"end":{"line":47,"column":5}},"20":{"start":{"line":44,"column":8},"end":{"line":44,"column":27}},"21":{"start":{"line":45,"column":27},"end":{"line":45,"column":83}},"22":{"start":{"line":45,"column":57},"end":{"line":45,"column":82}},"23":{"start":{"line":46,"column":8},"end":{"line":46,"column":41}},"24":{"start":{"line":49,"column":28},"end":{"line":52,"column":5}},"25":{"start":{"line":50,"column":8},"end":{"line":50,"column":28}},"26":{"start":{"line":51,"column":8},"end":{"line":51,"column":50}},"27":{"start":{"line":51,"column":32},"end":{"line":51,"column":49}},"28":{"start":{"line":54,"column":29},"end":{"line":57,"column":5}},"29":{"start":{"line":55,"column":8},"end":{"line":55,"column":29}},"30":{"start":{"line":56,"column":8},"end":{"line":56,"column":52}},"31":{"start":{"line":56,"column":33},"end":{"line":56,"column":51}},"32":{"start":{"line":61,"column":4},"end":{"line":76,"column":40}}},"fnMap":{"0":{"name":"(anonymous_0)","decl":{"start":{"line":7,"column":28},"end":{"line":7,"column":29}},"loc":{"start":{"line":7,"column":44},"end":{"line":77,"column":1}},"line":7},"1":{"name":"(anonymous_1)","decl":{"start":{"line":17,"column":27},"end":{"line":17,"column":28}},"loc":{"start":{"line":17,"column":37},"end":{"line":33,"column":5}},"line":17},"2":{"name":"(anonymous_2)","decl":{"start":{"line":31,"column":20},"end":{"line":31,"column":21}},"loc":{"start":{"line":31,"column":28},"end":{"line":31,"column":42}},"line":31},"3":{"name":"(anonymous_3)","decl":{"start":{"line":32,"column":23},"end":{"line":32,"column":24}},"loc":{"start":{"line":32,"column":31},"end":{"line":32,"column":78}},"line":32},"4":{"name":"(anonymous_4)","decl":{"start":{"line":35,"column":34},"end":{"line":35,"column":35}},"loc":{"start":{"line":35,"column":40},"end":{"line":37,"column":5}},"line":35},"5":{"name":"(anonymous_5)","decl":{"start":{"line":39,"column":26},"end":{"line":39,"column":27}},"loc":{"start":{"line":39,"column":37},"end":{"line":41,"column":5}},"line":39},"6":{"name":"(anonymous_6)","decl":{"start":{"line":43,"column":28},"end":{"line":43,"column":29}},"loc":{"start":{"line":43,"column":40},"end":{"line":47,"column":5}},"line":43},"7":{"name":"(anonymous_7)","decl":{"start":{"line":45,"column":44},"end":{"line":45,"column":45}},"loc":{"start":{"line":45,"column":57},"end":{"line":45,"column":82}},"line":45},"8":{"name":"(anonymous_8)","decl":{"start":{"line":49,"column":28},"end":{"line":49,"column":29}},"loc":{"start":{"line":49,"column":41},"end":{"line":52,"column":5}},"line":49},"9":{"name":"(anonymous_9)","decl":{"start":{"line":51,"column":24},"end":{"line":51,"column":25}},"loc":{"start":{"line":51,"column":32},"end":{"line":51,"column":49}},"line":51},"10":{"name":"(anonymous_10)","decl":{"start":{"line":54,"column":29},"end":{"line":54,"column":30}},"loc":{"start":{"line":54,"column":43},"end":{"line":57,"column":5}},"line":54},"11":{"name":"(anonymous_11)","decl":{"start":{"line":56,"column":25},"end":{"line":56,"column":26}},"loc":{"start":{"line":56,"column":33},"end":{"line":56,"column":51}},"line":56}},"branchMap":{},"s":{"0":2,"1":2,"2":0,"3":0,"4":0,"5":0,"6":0,"7":0,"8":0,"9":0,"10":0,"11":0,"12":0,"13":0,"14":0,"15":0,"16":0,"17":0,"18":0,"19":0,"20":0,"21":0,"22":0,"23":0,"24":0,"25":0,"26":0,"27":0,"28":0,"29":0,"30":0,"31":0,"32":0},"f":{"0":0,"1":0,"2":0,"3":0,"4":0,"5":0,"6":0,"7":0,"8":0,"9":0,"10":0,"11":0},"b":{},"_coverageSchema":"1a1c01bbd47fc00a2c39e90264f33305004495a9","hash":"f7cafe5e0fd86ea7f7574ac44e63708997567b7f"}
,"/Users/gopakulkarni/Documents/React-projects/ui_hvc_app/src/data/data.js": {"path":"/Users/gopakulkarni/Documents/React-projects/ui_hvc_app/src/data/data.js","statementMap":{"0":{"start":{"line":1,"column":25},"end":{"line":250,"column":1}}},"fnMap":{},"branchMap":{},"s":{"0":2},"f":{},"b":{},"_coverageSchema":"1a1c01bbd47fc00a2c39e90264f33305004495a9","hash":"aa6b2bbf8d434fca139903abc5bf6e9d4ff247dc"}
,"/Users/gopakulkarni/Documents/React-projects/ui_hvc_app/src/data/instanceData.js": {"path":"/Users/gopakulkarni/Documents/React-projects/ui_hvc_app/src/data/instanceData.js","statementMap":{"0":{"start":{"line":1,"column":28},"end":{"line":26,"column":1}}},"fnMap":{},"branchMap":{},"s":{"0":1},"f":{},"b":{},"_coverageSchema":"1a1c01bbd47fc00a2c39e90264f33305004495a9","hash":"5dee0bd44e3f8e1dd3b47072b55417c6bfd000e3"}
,"/Users/gopakulkarni/Documents/React-projects/ui_hvc_app/src/data/securityGroups.js": {"path":"/Users/gopakulkarni/Documents/React-projects/ui_hvc_app/src/data/securityGroups.js","statementMap":{"0":{"start":{"line":3,"column":31},"end":{"line":41,"column":1}}},"fnMap":{},"branchMap":{},"s":{"0":0},"f":{},"b":{}}
}
